{"/Users/alexey.dobrov/derf-site/frontend/src/components/EventCard.js": {"path":"/Users/alexey.dobrov/derf-site/frontend/src/components/EventCard.js","statementMap":{"0":{"start":{"line":14,"column":24},"end":{"line":14,"column":34}},"1":{"start":{"line":1,"column":31},"end":{"line":1,"column":null}},"2":{"start":{"line":4,"column":2},"end":{"line":4,"column":null}},"3":{"start":{"line":4,"column":14},"end":{"line":4,"column":null}},"4":{"start":{"line":5,"column":2},"end":{"line":11,"column":null}},"5":{"start":{"line":15,"column":16},"end":{"line":15,"column":null}},"6":{"start":{"line":16,"column":20},"end":{"line":16,"column":null}},"7":{"start":{"line":17,"column":16},"end":{"line":17,"column":null}}},"fnMap":{"0":{"name":"formatDate","decl":{"start":{"line":3,"column":9},"end":{"line":3,"column":20}},"loc":{"start":{"line":3,"column":33},"end":{"line":12,"column":null}}},"1":{"name":"EventCard","decl":{"start":{"line":14,"column":24},"end":{"line":14,"column":34}},"loc":{"start":{"line":14,"column":58},"end":{"line":44,"column":null}}}},"branchMap":{"0":{"loc":{"start":{"line":4,"column":2},"end":{"line":4,"column":null}},"type":"if","locations":[{"start":{"line":4,"column":2},"end":{"line":4,"column":null}},{"start":{},"end":{}}]},"1":{"loc":{"start":{"line":14,"column":43},"end":{"line":14,"column":56}},"type":"default-arg","locations":[{"start":{"line":14,"column":52},"end":{"line":14,"column":56}}]},"2":{"loc":{"start":{"line":26,"column":11},"end":{"line":26,"column":null}},"type":"cond-expr","locations":[{"start":{"line":26,"column":31},"end":{"line":26,"column":null}},{"start":{"line":26,"column":114},"end":{"line":26,"column":null}}]},"3":{"loc":{"start":{"line":30,"column":11},"end":{"line":34,"column":null}},"type":"cond-expr","locations":[{"start":{"line":31,"column":12},"end":{"line":34,"column":null}},{"start":{"line":34,"column":14},"end":{"line":34,"column":null}}]},"4":{"loc":{"start":{"line":35,"column":11},"end":{"line":39,"column":null}},"type":"cond-expr","locations":[{"start":{"line":36,"column":12},"end":{"line":39,"column":null}},{"start":{"line":39,"column":14},"end":{"line":39,"column":null}}]}},"s":{"0":1,"1":1,"2":1,"3":0,"4":1,"5":1,"6":1,"7":1},"f":{"0":1,"1":1},"b":{"0":[0,1],"1":[1],"2":[0,1],"3":[1,0],"4":[1,0]}}
,"/Users/alexey.dobrov/derf-site/frontend/src/components/Footer.js": {"path":"/Users/alexey.dobrov/derf-site/frontend/src/components/Footer.js","statementMap":{"0":{"start":{"line":6,"column":24},"end":{"line":6,"column":null}},"1":{"start":{"line":1,"column":31},"end":{"line":1,"column":null}},"2":{"start":{"line":2,"column":36},"end":{"line":2,"column":null}},"3":{"start":{"line":4,"column":31},"end":{"line":4,"column":null}},"4":{"start":{"line":7,"column":16},"end":{"line":7,"column":null}},"5":{"start":{"line":8,"column":15},"end":{"line":8,"column":null}},"6":{"start":{"line":9,"column":28},"end":{"line":9,"column":null}},"7":{"start":{"line":11,"column":2},"end":{"line":19,"column":null}},"8":{"start":{"line":12,"column":20},"end":{"line":12,"column":null}},"9":{"start":{"line":13,"column":4},"end":{"line":17,"column":null}},"10":{"start":{"line":15,"column":8},"end":{"line":15,"column":null}},"11":{"start":{"line":15,"column":24},"end":{"line":15,"column":null}},"12":{"start":{"line":17,"column":24},"end":{"line":17,"column":null}},"13":{"start":{"line":18,"column":4},"end":{"line":18,"column":null}},"14":{"start":{"line":18,"column":19},"end":{"line":18,"column":36}},"15":{"start":{"line":34,"column":12},"end":{"line":34,"column":29}}},"fnMap":{"0":{"name":"Footer","decl":{"start":{"line":6,"column":24},"end":{"line":6,"column":null}},"loc":{"start":{"line":6,"column":24},"end":{"line":42,"column":null}}},"1":{"name":"(anonymous_2)","decl":{"start":{"line":11,"column":12},"end":{"line":11,"column":null}},"loc":{"start":{"line":11,"column":12},"end":{"line":19,"column":5}}},"2":{"name":"(anonymous_3)","decl":{"start":{"line":14,"column":12},"end":{"line":14,"column":13}},"loc":{"start":{"line":14,"column":13},"end":{"line":16,"column":null}}},"3":{"name":"(anonymous_4)","decl":{"start":{"line":17,"column":13},"end":{"line":17,"column":14}},"loc":{"start":{"line":17,"column":24},"end":{"line":17,"column":null}}},"4":{"name":"(anonymous_5)","decl":{"start":{"line":18,"column":11},"end":{"line":18,"column":19}},"loc":{"start":{"line":18,"column":11},"end":{"line":18,"column":null}}},"5":{"name":"(anonymous_6)","decl":{"start":{"line":33,"column":21},"end":{"line":33,"column":22}},"loc":{"start":{"line":34,"column":12},"end":{"line":34,"column":29}}}},"branchMap":{"0":{"loc":{"start":{"line":15,"column":8},"end":{"line":15,"column":null}},"type":"if","locations":[{"start":{"line":15,"column":8},"end":{"line":15,"column":null}},{"start":{},"end":{}}]}},"s":{"0":1,"1":1,"2":1,"3":1,"4":2,"5":2,"6":2,"7":2,"8":1,"9":1,"10":1,"11":1,"12":0,"13":1,"14":1,"15":2},"f":{"0":2,"1":1,"2":1,"3":0,"4":1,"5":2},"b":{"0":[1,0]}}
,"/Users/alexey.dobrov/derf-site/frontend/src/components/Header.js": {"path":"/Users/alexey.dobrov/derf-site/frontend/src/components/Header.js","statementMap":{"0":{"start":{"line":8,"column":24},"end":{"line":8,"column":null}},"1":{"start":{"line":1,"column":17},"end":{"line":1,"column":null}},"2":{"start":{"line":2,"column":26},"end":{"line":2,"column":null}},"3":{"start":{"line":3,"column":31},"end":{"line":3,"column":null}},"4":{"start":{"line":4,"column":34},"end":{"line":4,"column":null}},"5":{"start":{"line":6,"column":24},"end":{"line":6,"column":null}},"6":{"start":{"line":9,"column":17},"end":{"line":9,"column":null}},"7":{"start":{"line":10,"column":16},"end":{"line":10,"column":null}},"8":{"start":{"line":11,"column":36},"end":{"line":11,"column":null}},"9":{"start":{"line":12,"column":38},"end":{"line":12,"column":null}},"10":{"start":{"line":14,"column":19},"end":{"line":23,"column":null}},"11":{"start":{"line":15,"column":10},"end":{"line":22,"column":null}},"12":{"start":{"line":26,"column":24},"end":{"line":26,"column":null}},"13":{"start":{"line":27,"column":21},"end":{"line":27,"column":null}},"14":{"start":{"line":39,"column":31},"end":{"line":39,"column":null}},"15":{"start":{"line":49,"column":29},"end":{"line":49,"column":null}},"16":{"start":{"line":81,"column":12},"end":{"line":82,"column":null}}},"fnMap":{"0":{"name":"Header","decl":{"start":{"line":8,"column":24},"end":{"line":8,"column":null}},"loc":{"start":{"line":8,"column":24},"end":{"line":97,"column":null}}},"1":{"name":"(anonymous_3)","decl":{"start":{"line":15,"column":4},"end":{"line":15,"column":10}},"loc":{"start":{"line":15,"column":10},"end":{"line":22,"column":null}}},"2":{"name":"(anonymous_4)","decl":{"start":{"line":39,"column":25},"end":{"line":39,"column":31}},"loc":{"start":{"line":39,"column":31},"end":{"line":39,"column":null}}},"3":{"name":"(anonymous_5)","decl":{"start":{"line":49,"column":23},"end":{"line":49,"column":29}},"loc":{"start":{"line":49,"column":29},"end":{"line":49,"column":null}}},"4":{"name":"(anonymous_6)","decl":{"start":{"line":80,"column":24},"end":{"line":80,"column":25}},"loc":{"start":{"line":81,"column":12},"end":{"line":82,"column":null}}}},"branchMap":{"0":{"loc":{"start":{"line":26,"column":24},"end":{"line":26,"column":null}},"type":"binary-expr","locations":[{"start":{"line":26,"column":24},"end":{"line":26,"column":41}},{"start":{"line":26,"column":41},"end":{"line":26,"column":null}}]},"1":{"loc":{"start":{"line":27,"column":21},"end":{"line":27,"column":null}},"type":"cond-expr","locations":[{"start":{"line":27,"column":46},"end":{"line":27,"column":53}},{"start":{"line":27,"column":53},"end":{"line":27,"column":null}}]},"2":{"loc":{"start":{"line":35,"column":14},"end":{"line":42,"column":15}},"type":"cond-expr","locations":[{"start":{"line":35,"column":14},"end":{"line":42,"column":15}}]},"3":{"loc":{"start":{"line":52,"column":15},"end":{"line":52,"column":null}},"type":"cond-expr","locations":[{"start":{"line":52,"column":40},"end":{"line":52,"column":62}},{"start":{"line":52,"column":62},"end":{"line":52,"column":null}}]},"4":{"loc":{"start":{"line":56,"column":14},"end":{"line":69,"column":15}},"type":"cond-expr","locations":[{"start":{"line":56,"column":14},"end":{"line":69,"column":15}}]},"5":{"loc":{"start":{"line":55,"column":13},"end":{"line":55,"column":null}},"type":"binary-expr","locations":[{"start":{"line":55,"column":13},"end":{"line":55,"column":25}},{"start":{"line":55,"column":25},"end":{"line":55,"column":null}}]},"6":{"loc":{"start":{"line":85,"column":16},"end":{"line":87,"column":null}},"type":"cond-expr","locations":[{"start":{"line":86,"column":20},"end":{"line":86,"column":null}},{"start":{"line":87,"column":20},"end":{"line":87,"column":null}}]}},"s":{"0":1,"1":1,"2":1,"3":1,"4":1,"5":1,"6":2,"7":2,"8":2,"9":2,"10":2,"11":2,"12":2,"13":2,"14":1,"15":0,"16":12},"f":{"0":2,"1":2,"2":1,"3":0,"4":12},"b":{"0":[2,0],"1":[0,2],"2":[1],"3":[0,2],"4":[0],"5":[2,2],"6":[2,10]}}
,"/Users/alexey.dobrov/derf-site/frontend/src/components/Hero.js": {"path":"/Users/alexey.dobrov/derf-site/frontend/src/components/Hero.js","statementMap":{"0":{"start":{"line":23,"column":24},"end":{"line":23,"column":29}},"1":{"start":{"line":1,"column":17},"end":{"line":1,"column":null}},"2":{"start":{"line":2,"column":31},"end":{"line":2,"column":null}},"3":{"start":{"line":5,"column":2},"end":{"line":5,"column":null}},"4":{"start":{"line":5,"column":14},"end":{"line":5,"column":null}},"5":{"start":{"line":6,"column":15},"end":{"line":6,"column":null}},"6":{"start":{"line":7,"column":2},"end":{"line":7,"column":null}},"7":{"start":{"line":11,"column":2},"end":{"line":11,"column":null}},"8":{"start":{"line":11,"column":14},"end":{"line":11,"column":null}},"9":{"start":{"line":12,"column":15},"end":{"line":12,"column":null}},"10":{"start":{"line":13,"column":2},"end":{"line":20,"column":null}},"11":{"start":{"line":24,"column":22},"end":{"line":24,"column":null}},"12":{"start":{"line":25,"column":17},"end":{"line":25,"column":null}},"13":{"start":{"line":26,"column":23},"end":{"line":26,"column":null}},"14":{"start":{"line":27,"column":22},"end":{"line":27,"column":null}},"15":{"start":{"line":28,"column":28},"end":{"line":28,"column":null}},"16":{"start":{"line":29,"column":22},"end":{"line":29,"column":null}},"17":{"start":{"line":30,"column":20},"end":{"line":30,"column":null}}},"fnMap":{"0":{"name":"formatReleaseDate","decl":{"start":{"line":4,"column":9},"end":{"line":4,"column":27}},"loc":{"start":{"line":4,"column":40},"end":{"line":8,"column":null}}},"1":{"name":"formatEventDate","decl":{"start":{"line":10,"column":9},"end":{"line":10,"column":25}},"loc":{"start":{"line":10,"column":38},"end":{"line":21,"column":null}}},"2":{"name":"Hero","decl":{"start":{"line":23,"column":24},"end":{"line":23,"column":29}},"loc":{"start":{"line":23,"column":74},"end":{"line":124,"column":null}}}},"branchMap":{"0":{"loc":{"start":{"line":5,"column":2},"end":{"line":5,"column":null}},"type":"if","locations":[{"start":{"line":5,"column":2},"end":{"line":5,"column":null}},{"start":{},"end":{}}]},"1":{"loc":{"start":{"line":11,"column":2},"end":{"line":11,"column":null}},"type":"if","locations":[{"start":{"line":11,"column":2},"end":{"line":11,"column":null}},{"start":{},"end":{}}]},"2":{"loc":{"start":{"line":25,"column":17},"end":{"line":25,"column":null}},"type":"binary-expr","locations":[{"start":{"line":25,"column":17},"end":{"line":25,"column":34}},{"start":{"line":25,"column":34},"end":{"line":25,"column":null}}]},"3":{"loc":{"start":{"line":26,"column":23},"end":{"line":26,"column":null}},"type":"binary-expr","locations":[{"start":{"line":26,"column":23},"end":{"line":26,"column":47}},{"start":{"line":26,"column":47},"end":{"line":26,"column":70}},{"start":{"line":26,"column":70},"end":{"line":26,"column":null}}]},"4":{"loc":{"start":{"line":27,"column":22},"end":{"line":27,"column":null}},"type":"binary-expr","locations":[{"start":{"line":27,"column":22},"end":{"line":27,"column":53}},{"start":{"line":27,"column":53},"end":{"line":27,"column":null}}]},"5":{"loc":{"start":{"line":36,"column":25},"end":{"line":36,"column":null}},"type":"cond-expr","locations":[{"start":{"line":36,"column":43},"end":{"line":36,"column":68}},{"start":{"line":36,"column":71},"end":{"line":36,"column":null}}]},"6":{"loc":{"start":{"line":58,"column":14},"end":{"line":62,"column":15}},"type":"cond-expr","locations":[{"start":{"line":58,"column":14},"end":{"line":62,"column":15}}]},"7":{"loc":{"start":{"line":75,"column":15},"end":{"line":75,"column":null}},"type":"cond-expr","locations":[{"start":{"line":75,"column":29},"end":{"line":75,"column":null}},{"start":{"line":75,"column":91},"end":{"line":75,"column":null}}]},"8":{"loc":{"start":{"line":78,"column":18},"end":{"line":82,"column":19}},"type":"cond-expr","locations":[{"start":{"line":78,"column":18},"end":{"line":82,"column":19}}]},"9":{"loc":{"start":{"line":91,"column":70},"end":{"line":91,"column":null}},"type":"binary-expr","locations":[{"start":{"line":91,"column":70},"end":{"line":91,"column":90}},{"start":{"line":91,"column":90},"end":{"line":91,"column":null}}]},"10":{"loc":{"start":{"line":92,"column":15},"end":{"line":97,"column":null}},"type":"cond-expr","locations":[{"start":{"line":93,"column":16},"end":{"line":97,"column":null}},{"start":{"line":97,"column":18},"end":{"line":97,"column":null}}]},"11":{"loc":{"start":{"line":92,"column":15},"end":{"line":92,"column":null}},"type":"binary-expr","locations":[{"start":{"line":92,"column":15},"end":{"line":92,"column":35}},{"start":{"line":92,"column":35},"end":{"line":92,"column":54}},{"start":{"line":92,"column":54},"end":{"line":92,"column":null}}]},"12":{"loc":{"start":{"line":95,"column":19},"end":{"line":95,"column":null}},"type":"cond-expr","locations":[{"start":{"line":95,"column":31},"end":{"line":95,"column":48}},{"start":{"line":95,"column":51},"end":{"line":95,"column":null}}]},"13":{"loc":{"start":{"line":112,"column":42},"end":{"line":112,"column":156}},"type":"cond-expr","locations":[{"start":{"line":112,"column":60},"end":{"line":112,"column":85}},{"start":{"line":112,"column":88},"end":{"line":112,"column":156}}]}},"s":{"0":1,"1":1,"2":1,"3":1,"4":1,"5":0,"6":0,"7":1,"8":1,"9":0,"10":0,"11":1,"12":1,"13":1,"14":1,"15":1,"16":1,"17":1},"f":{"0":1,"1":1,"2":1},"b":{"0":[1,0],"1":[1,0],"2":[1,0],"3":[1,0,0],"4":[1,1],"5":[0,1],"6":[0],"7":[0,1],"8":[0],"9":[1,0],"10":[0,1],"11":[1,1,1],"12":[0,0],"13":[0,1]}}
,"/Users/alexey.dobrov/derf-site/frontend/src/components/MediaGrid.js": {"path":"/Users/alexey.dobrov/derf-site/frontend/src/components/MediaGrid.js","statementMap":{"0":{"start":{"line":1,"column":24},"end":{"line":1,"column":34}},"1":{"start":{"line":2,"column":2},"end":{"line":2,"column":null}},"2":{"start":{"line":2,"column":21},"end":{"line":2,"column":null}},"3":{"start":{"line":7,"column":20},"end":{"line":7,"column":null}},"4":{"start":{"line":8,"column":22},"end":{"line":8,"column":null}},"5":{"start":{"line":9,"column":22},"end":{"line":9,"column":null}},"6":{"start":{"line":11,"column":8},"end":{"line":13,"column":null}}},"fnMap":{"0":{"name":"MediaGrid","decl":{"start":{"line":1,"column":24},"end":{"line":1,"column":34}},"loc":{"start":{"line":1,"column":48},"end":{"line":40,"column":null}}},"1":{"name":"(anonymous_2)","decl":{"start":{"line":6,"column":17},"end":{"line":6,"column":18}},"loc":{"start":{"line":6,"column":18},"end":{"line":37,"column":null}}}},"branchMap":{"0":{"loc":{"start":{"line":1,"column":36},"end":{"line":1,"column":46}},"type":"default-arg","locations":[{"start":{"line":1,"column":44},"end":{"line":1,"column":46}}]},"1":{"loc":{"start":{"line":2,"column":2},"end":{"line":2,"column":null}},"type":"if","locations":[{"start":{"line":2,"column":2},"end":{"line":2,"column":null}},{"start":{},"end":{}}]},"2":{"loc":{"start":{"line":7,"column":20},"end":{"line":7,"column":null}},"type":"binary-expr","locations":[{"start":{"line":7,"column":20},"end":{"line":7,"column":42}},{"start":{"line":7,"column":42},"end":{"line":7,"column":null}}]},"3":{"loc":{"start":{"line":8,"column":22},"end":{"line":8,"column":null}},"type":"binary-expr","locations":[{"start":{"line":8,"column":22},"end":{"line":8,"column":36}},{"start":{"line":8,"column":36},"end":{"line":8,"column":53}},{"start":{"line":8,"column":53},"end":{"line":8,"column":69}},{"start":{"line":8,"column":69},"end":{"line":8,"column":null}}]},"4":{"loc":{"start":{"line":9,"column":23},"end":{"line":9,"column":48}},"type":"binary-expr","locations":[{"start":{"line":9,"column":23},"end":{"line":9,"column":42}},{"start":{"line":9,"column":42},"end":{"line":9,"column":48}}]},"5":{"loc":{"start":{"line":33,"column":15},"end":{"line":33,"column":null}},"type":"cond-expr","locations":[{"start":{"line":33,"column":30},"end":{"line":33,"column":null}},{"start":{"line":33,"column":98},"end":{"line":33,"column":null}}]}},"s":{"0":2,"1":2,"2":1,"3":1,"4":1,"5":1,"6":1},"f":{"0":2,"1":1},"b":{"0":[0],"1":[1,1],"2":[1,1],"3":[1,1,1,1],"4":[1,0],"5":[0,1]}}
,"/Users/alexey.dobrov/derf-site/frontend/src/context/AuthContext.js": {"path":"/Users/alexey.dobrov/derf-site/frontend/src/context/AuthContext.js","statementMap":{"0":{"start":{"line":6,"column":16},"end":{"line":6,"column":28}},"1":{"start":{"line":58,"column":16},"end":{"line":58,"column":23}},"2":{"start":{"line":1,"column":72},"end":{"line":1,"column":null}},"3":{"start":{"line":2,"column":60},"end":{"line":2,"column":null}},"4":{"start":{"line":4,"column":20},"end":{"line":4,"column":null}},"5":{"start":{"line":7,"column":26},"end":{"line":7,"column":null}},"6":{"start":{"line":8,"column":32},"end":{"line":8,"column":null}},"7":{"start":{"line":10,"column":19},"end":{"line":26,"column":null}},"8":{"start":{"line":11,"column":26},"end":{"line":11,"column":null}},"9":{"start":{"line":12,"column":4},"end":{"line":15,"column":null}},"10":{"start":{"line":13,"column":6},"end":{"line":13,"column":null}},"11":{"start":{"line":14,"column":6},"end":{"line":14,"column":null}},"12":{"start":{"line":17,"column":4},"end":{"line":25,"column":null}},"13":{"start":{"line":18,"column":23},"end":{"line":18,"column":null}},"14":{"start":{"line":19,"column":6},"end":{"line":19,"column":null}},"15":{"start":{"line":21,"column":6},"end":{"line":21,"column":null}},"16":{"start":{"line":22,"column":6},"end":{"line":22,"column":null}},"17":{"start":{"line":24,"column":6},"end":{"line":24,"column":null}},"18":{"start":{"line":28,"column":2},"end":{"line":30,"column":null}},"19":{"start":{"line":29,"column":4},"end":{"line":29,"column":null}},"20":{"start":{"line":32,"column":16},"end":{"line":38,"column":null}},"21":{"start":{"line":33,"column":21},"end":{"line":33,"column":null}},"22":{"start":{"line":34,"column":4},"end":{"line":34,"column":null}},"23":{"start":{"line":35,"column":15},"end":{"line":35,"column":null}},"24":{"start":{"line":36,"column":4},"end":{"line":36,"column":null}},"25":{"start":{"line":37,"column":4},"end":{"line":37,"column":null}},"26":{"start":{"line":40,"column":19},"end":{"line":43,"column":null}},"27":{"start":{"line":41,"column":4},"end":{"line":41,"column":null}},"28":{"start":{"line":42,"column":4},"end":{"line":42,"column":null}},"29":{"start":{"line":45,"column":17},"end":{"line":48,"column":null}},"30":{"start":{"line":46,"column":4},"end":{"line":46,"column":null}},"31":{"start":{"line":47,"column":4},"end":{"line":47,"column":null}},"32":{"start":{"line":50,"column":16},"end":{"line":52,"column":null}},"33":{"start":{"line":51,"column":11},"end":{"line":51,"column":null}},"34":{"start":{"line":59,"column":14},"end":{"line":59,"column":null}},"35":{"start":{"line":60,"column":2},"end":{"line":60,"column":null}},"36":{"start":{"line":60,"column":12},"end":{"line":60,"column":null}},"37":{"start":{"line":61,"column":2},"end":{"line":61,"column":null}}},"fnMap":{"0":{"name":"AuthProvider","decl":{"start":{"line":6,"column":16},"end":{"line":6,"column":28}},"loc":{"start":{"line":6,"column":41},"end":{"line":56,"column":null}}},"1":{"name":"(anonymous_4)","decl":{"start":{"line":10,"column":19},"end":{"line":10,"column":null}},"loc":{"start":{"line":10,"column":19},"end":{"line":26,"column":null}}},"2":{"name":"(anonymous_5)","decl":{"start":{"line":28,"column":12},"end":{"line":28,"column":null}},"loc":{"start":{"line":28,"column":12},"end":{"line":30,"column":5}}},"3":{"name":"(anonymous_6)","decl":{"start":{"line":32,"column":16},"end":{"line":32,"column":23}},"loc":{"start":{"line":32,"column":33},"end":{"line":38,"column":null}}},"4":{"name":"(anonymous_7)","decl":{"start":{"line":40,"column":19},"end":{"line":40,"column":26}},"loc":{"start":{"line":40,"column":26},"end":{"line":43,"column":null}}},"5":{"name":"(anonymous_8)","decl":{"start":{"line":45,"column":17},"end":{"line":45,"column":null}},"loc":{"start":{"line":45,"column":17},"end":{"line":48,"column":null}}},"6":{"name":"(anonymous_9)","decl":{"start":{"line":51,"column":4},"end":{"line":51,"column":11}},"loc":{"start":{"line":51,"column":11},"end":{"line":51,"column":null}}},"7":{"name":"useAuth","decl":{"start":{"line":58,"column":16},"end":{"line":58,"column":23}},"loc":{"start":{"line":58,"column":16},"end":{"line":62,"column":null}}}},"branchMap":{"0":{"loc":{"start":{"line":12,"column":4},"end":{"line":15,"column":null}},"type":"if","locations":[{"start":{"line":12,"column":4},"end":{"line":15,"column":null}},{"start":{},"end":{}}]},"1":{"loc":{"start":{"line":60,"column":2},"end":{"line":60,"column":null}},"type":"if","locations":[{"start":{"line":60,"column":2},"end":{"line":60,"column":null}},{"start":{},"end":{}}]}},"s":{"0":2,"1":4,"2":1,"3":1,"4":1,"5":4,"6":4,"7":4,"8":2,"9":2,"10":1,"11":1,"12":1,"13":1,"14":1,"15":0,"16":0,"17":1,"18":4,"19":2,"20":4,"21":0,"22":0,"23":0,"24":0,"25":0,"26":4,"27":0,"28":0,"29":4,"30":0,"31":0,"32":4,"33":4,"34":4,"35":4,"36":0,"37":4},"f":{"0":4,"1":2,"2":2,"3":0,"4":0,"5":0,"6":4,"7":4},"b":{"0":[1,1],"1":[0,4]}}
,"/Users/alexey.dobrov/derf-site/frontend/src/context/SiteSettingsContext.js": {"path":"/Users/alexey.dobrov/derf-site/frontend/src/context/SiteSettingsContext.js","statementMap":{"0":{"start":{"line":8,"column":16},"end":{"line":8,"column":36}},"1":{"start":{"line":34,"column":16},"end":{"line":34,"column":31}},"2":{"start":{"line":1,"column":72},"end":{"line":1,"column":null}},"3":{"start":{"line":2,"column":26},"end":{"line":2,"column":null}},"4":{"start":{"line":4,"column":34},"end":{"line":4,"column":null}},"5":{"start":{"line":6,"column":28},"end":{"line":6,"column":null}},"6":{"start":{"line":9,"column":17},"end":{"line":9,"column":null}},"7":{"start":{"line":10,"column":30},"end":{"line":10,"column":null}},"8":{"start":{"line":11,"column":15},"end":{"line":11,"column":null}},"9":{"start":{"line":13,"column":2},"end":{"line":22,"column":null}},"10":{"start":{"line":14,"column":4},"end":{"line":14,"column":null}},"11":{"start":{"line":14,"column":25},"end":{"line":14,"column":null}},"12":{"start":{"line":15,"column":20},"end":{"line":15,"column":null}},"13":{"start":{"line":16,"column":4},"end":{"line":20,"column":null}},"14":{"start":{"line":18,"column":8},"end":{"line":18,"column":null}},"15":{"start":{"line":18,"column":24},"end":{"line":18,"column":null}},"16":{"start":{"line":20,"column":24},"end":{"line":20,"column":null}},"17":{"start":{"line":21,"column":4},"end":{"line":21,"column":null}},"18":{"start":{"line":21,"column":19},"end":{"line":21,"column":36}},"19":{"start":{"line":24,"column":23},"end":{"line":29,"column":null}},"20":{"start":{"line":24,"column":38},"end":{"line":29,"column":6}},"21":{"start":{"line":35,"column":2},"end":{"line":35,"column":null}}},"fnMap":{"0":{"name":"SiteSettingsProvider","decl":{"start":{"line":8,"column":16},"end":{"line":8,"column":36}},"loc":{"start":{"line":8,"column":49},"end":{"line":32,"column":null}}},"1":{"name":"(anonymous_4)","decl":{"start":{"line":13,"column":12},"end":{"line":13,"column":null}},"loc":{"start":{"line":13,"column":12},"end":{"line":22,"column":5}}},"2":{"name":"(anonymous_5)","decl":{"start":{"line":17,"column":12},"end":{"line":17,"column":13}},"loc":{"start":{"line":17,"column":13},"end":{"line":19,"column":null}}},"3":{"name":"(anonymous_6)","decl":{"start":{"line":20,"column":13},"end":{"line":20,"column":14}},"loc":{"start":{"line":20,"column":24},"end":{"line":20,"column":null}}},"4":{"name":"(anonymous_7)","decl":{"start":{"line":21,"column":11},"end":{"line":21,"column":19}},"loc":{"start":{"line":21,"column":11},"end":{"line":21,"column":null}}},"5":{"name":"(anonymous_8)","decl":{"start":{"line":24,"column":31},"end":{"line":24,"column":38}},"loc":{"start":{"line":24,"column":38},"end":{"line":29,"column":6}}},"6":{"name":"useSiteSettings","decl":{"start":{"line":34,"column":16},"end":{"line":34,"column":31}},"loc":{"start":{"line":34,"column":16},"end":{"line":36,"column":null}}}},"branchMap":{"0":{"loc":{"start":{"line":11,"column":15},"end":{"line":11,"column":null}},"type":"binary-expr","locations":[{"start":{"line":11,"column":15},"end":{"line":11,"column":32}},{"start":{"line":11,"column":32},"end":{"line":11,"column":null}}]},"1":{"loc":{"start":{"line":14,"column":4},"end":{"line":14,"column":null}},"type":"if","locations":[{"start":{"line":14,"column":4},"end":{"line":14,"column":null}},{"start":{},"end":{}}]},"2":{"loc":{"start":{"line":18,"column":8},"end":{"line":18,"column":null}},"type":"if","locations":[{"start":{"line":18,"column":8},"end":{"line":18,"column":null}},{"start":{},"end":{}}]},"3":{"loc":{"start":{"line":26,"column":14},"end":{"line":26,"column":null}},"type":"binary-expr","locations":[{"start":{"line":26,"column":14},"end":{"line":26,"column":34}},{"start":{"line":26,"column":34},"end":{"line":26,"column":null}}]},"4":{"loc":{"start":{"line":27,"column":21},"end":{"line":27,"column":null}},"type":"binary-expr","locations":[{"start":{"line":27,"column":21},"end":{"line":27,"column":49}},{"start":{"line":27,"column":49},"end":{"line":27,"column":null}}]},"5":{"loc":{"start":{"line":28,"column":21},"end":{"line":28,"column":null}},"type":"binary-expr","locations":[{"start":{"line":28,"column":21},"end":{"line":28,"column":48}},{"start":{"line":28,"column":48},"end":{"line":28,"column":null}}]}},"s":{"0":1,"1":2,"2":1,"3":1,"4":1,"5":1,"6":2,"7":2,"8":2,"9":2,"10":1,"11":0,"12":1,"13":1,"14":1,"15":1,"16":0,"17":1,"18":1,"19":2,"20":2,"21":2},"f":{"0":2,"1":1,"2":1,"3":0,"4":1,"5":2,"6":2},"b":{"0":[2,0],"1":[0,1],"2":[1,0],"3":[2,1],"4":[2,2],"5":[2,1]}}
,"/Users/alexey.dobrov/derf-site/frontend/src/lib/api.js": {"path":"/Users/alexey.dobrov/derf-site/frontend/src/lib/api.js","statementMap":{"0":{"start":{"line":3,"column":13},"end":{"line":3,"column":25}},"1":{"start":{"line":5,"column":13},"end":{"line":5,"column":16}},"2":{"start":{"line":25,"column":16},"end":{"line":25,"column":26}},"3":{"start":{"line":31,"column":16},"end":{"line":31,"column":26}},"4":{"start":{"line":37,"column":16},"end":{"line":37,"column":30}},"5":{"start":{"line":1,"column":18},"end":{"line":1,"column":null}},"6":{"start":{"line":3,"column":28},"end":{"line":3,"column":null}},"7":{"start":{"line":5,"column":19},"end":{"line":9,"column":null}},"8":{"start":{"line":12,"column":2},"end":{"line":12,"column":null}},"9":{"start":{"line":12,"column":37},"end":{"line":12,"column":null}},"10":{"start":{"line":13,"column":2},"end":{"line":13,"column":null}},"11":{"start":{"line":16,"column":0},"end":{"line":23,"column":null}},"12":{"start":{"line":17,"column":16},"end":{"line":17,"column":null}},"13":{"start":{"line":18,"column":2},"end":{"line":21,"column":null}},"14":{"start":{"line":19,"column":4},"end":{"line":19,"column":null}},"15":{"start":{"line":20,"column":4},"end":{"line":20,"column":null}},"16":{"start":{"line":22,"column":2},"end":{"line":22,"column":null}},"17":{"start":{"line":26,"column":2},"end":{"line":28,"column":null}},"18":{"start":{"line":27,"column":4},"end":{"line":27,"column":null}},"19":{"start":{"line":32,"column":2},"end":{"line":34,"column":null}},"20":{"start":{"line":33,"column":4},"end":{"line":33,"column":null}},"21":{"start":{"line":38,"column":2},"end":{"line":38,"column":null}}},"fnMap":{"0":{"name":"getToken","decl":{"start":{"line":11,"column":9},"end":{"line":11,"column":null}},"loc":{"start":{"line":11,"column":9},"end":{"line":14,"column":null}}},"1":{"name":"(anonymous_8)","decl":{"start":{"line":16,"column":29},"end":{"line":16,"column":30}},"loc":{"start":{"line":16,"column":30},"end":{"line":23,"column":null}}},"2":{"name":"storeToken","decl":{"start":{"line":25,"column":16},"end":{"line":25,"column":26}},"loc":{"start":{"line":25,"column":32},"end":{"line":29,"column":null}}},"3":{"name":"clearToken","decl":{"start":{"line":31,"column":16},"end":{"line":31,"column":26}},"loc":{"start":{"line":31,"column":16},"end":{"line":35,"column":null}}},"4":{"name":"getStoredToken","decl":{"start":{"line":37,"column":16},"end":{"line":37,"column":30}},"loc":{"start":{"line":37,"column":16},"end":{"line":39,"column":null}}}},"branchMap":{"0":{"loc":{"start":{"line":3,"column":28},"end":{"line":3,"column":null}},"type":"binary-expr","locations":[{"start":{"line":3,"column":28},"end":{"line":3,"column":63}},{"start":{"line":3,"column":63},"end":{"line":3,"column":null}}]},"1":{"loc":{"start":{"line":12,"column":2},"end":{"line":12,"column":null}},"type":"if","locations":[{"start":{"line":12,"column":2},"end":{"line":12,"column":null}},{"start":{},"end":{}}]},"2":{"loc":{"start":{"line":18,"column":2},"end":{"line":21,"column":null}},"type":"if","locations":[{"start":{"line":18,"column":2},"end":{"line":21,"column":null}},{"start":{},"end":{}}]},"3":{"loc":{"start":{"line":19,"column":21},"end":{"line":19,"column":null}},"type":"binary-expr","locations":[{"start":{"line":19,"column":21},"end":{"line":19,"column":39}},{"start":{"line":19,"column":39},"end":{"line":19,"column":null}}]},"4":{"loc":{"start":{"line":26,"column":2},"end":{"line":28,"column":null}},"type":"if","locations":[{"start":{"line":26,"column":2},"end":{"line":28,"column":null}},{"start":{},"end":{}}]},"5":{"loc":{"start":{"line":32,"column":2},"end":{"line":34,"column":null}},"type":"if","locations":[{"start":{"line":32,"column":2},"end":{"line":34,"column":null}},{"start":{},"end":{}}]}},"s":{"0":0,"1":0,"2":2,"3":1,"4":2,"5":1,"6":1,"7":1,"8":2,"9":0,"10":2,"11":1,"12":0,"13":0,"14":0,"15":0,"16":0,"17":2,"18":2,"19":1,"20":1,"21":2},"f":{"0":2,"1":0,"2":2,"3":1,"4":2},"b":{"0":[1,1],"1":[0,2],"2":[0,0],"3":[0,0],"4":[2,0],"5":[1,0]}}
,"/Users/alexey.dobrov/derf-site/frontend/src/lib/contentApi.js": {"path":"/Users/alexey.dobrov/derf-site/frontend/src/lib/contentApi.js","statementMap":{"0":{"start":{"line":3,"column":16},"end":{"line":3,"column":32}},"1":{"start":{"line":7,"column":16},"end":{"line":7,"column":30}},"2":{"start":{"line":11,"column":16},"end":{"line":11,"column":29}},"3":{"start":{"line":15,"column":16},"end":{"line":15,"column":31}},"4":{"start":{"line":19,"column":16},"end":{"line":19,"column":27}},"5":{"start":{"line":23,"column":16},"end":{"line":23,"column":30}},"6":{"start":{"line":27,"column":16},"end":{"line":27,"column":33}},"7":{"start":{"line":1,"column":20},"end":{"line":1,"column":null}},"8":{"start":{"line":4,"column":2},"end":{"line":4,"column":null}},"9":{"start":{"line":4,"column":82},"end":{"line":4,"column":null}},"10":{"start":{"line":8,"column":2},"end":{"line":8,"column":null}},"11":{"start":{"line":8,"column":70},"end":{"line":8,"column":89}},"12":{"start":{"line":12,"column":2},"end":{"line":12,"column":null}},"13":{"start":{"line":12,"column":86},"end":{"line":12,"column":105}},"14":{"start":{"line":16,"column":2},"end":{"line":16,"column":null}},"15":{"start":{"line":16,"column":83},"end":{"line":16,"column":102}},"16":{"start":{"line":20,"column":2},"end":{"line":20,"column":null}},"17":{"start":{"line":20,"column":76},"end":{"line":20,"column":95}},"18":{"start":{"line":24,"column":2},"end":{"line":24,"column":null}},"19":{"start":{"line":24,"column":61},"end":{"line":24,"column":80}},"20":{"start":{"line":28,"column":2},"end":{"line":28,"column":null}},"21":{"start":{"line":28,"column":86},"end":{"line":28,"column":null}}},"fnMap":{"0":{"name":"fetchHomeContent","decl":{"start":{"line":3,"column":16},"end":{"line":3,"column":32}},"loc":{"start":{"line":3,"column":37},"end":{"line":5,"column":null}}},"1":{"name":"(anonymous_9)","decl":{"start":{"line":4,"column":68},"end":{"line":4,"column":69}},"loc":{"start":{"line":4,"column":82},"end":{"line":4,"column":null}}},"2":{"name":"fetchMediaList","decl":{"start":{"line":7,"column":16},"end":{"line":7,"column":30}},"loc":{"start":{"line":7,"column":42},"end":{"line":9,"column":null}}},"3":{"name":"(anonymous_11)","decl":{"start":{"line":8,"column":56},"end":{"line":8,"column":57}},"loc":{"start":{"line":8,"column":70},"end":{"line":8,"column":89}}},"4":{"name":"fetchReleases","decl":{"start":{"line":11,"column":16},"end":{"line":11,"column":29}},"loc":{"start":{"line":11,"column":34},"end":{"line":13,"column":null}}},"5":{"name":"(anonymous_13)","decl":{"start":{"line":12,"column":72},"end":{"line":12,"column":73}},"loc":{"start":{"line":12,"column":86},"end":{"line":12,"column":105}}},"6":{"name":"fetchPressItems","decl":{"start":{"line":15,"column":16},"end":{"line":15,"column":31}},"loc":{"start":{"line":15,"column":36},"end":{"line":17,"column":null}}},"7":{"name":"(anonymous_15)","decl":{"start":{"line":16,"column":69},"end":{"line":16,"column":70}},"loc":{"start":{"line":16,"column":83},"end":{"line":16,"column":102}}},"8":{"name":"fetchEvents","decl":{"start":{"line":19,"column":16},"end":{"line":19,"column":27}},"loc":{"start":{"line":19,"column":32},"end":{"line":21,"column":null}}},"9":{"name":"(anonymous_17)","decl":{"start":{"line":20,"column":62},"end":{"line":20,"column":63}},"loc":{"start":{"line":20,"column":76},"end":{"line":20,"column":95}}},"10":{"name":"fetchSiteLinks","decl":{"start":{"line":23,"column":16},"end":{"line":23,"column":30}},"loc":{"start":{"line":23,"column":16},"end":{"line":25,"column":null}}},"11":{"name":"(anonymous_19)","decl":{"start":{"line":24,"column":47},"end":{"line":24,"column":48}},"loc":{"start":{"line":24,"column":61},"end":{"line":24,"column":80}}},"12":{"name":"fetchSiteSettings","decl":{"start":{"line":27,"column":16},"end":{"line":27,"column":33}},"loc":{"start":{"line":27,"column":38},"end":{"line":29,"column":null}}},"13":{"name":"(anonymous_21)","decl":{"start":{"line":28,"column":72},"end":{"line":28,"column":73}},"loc":{"start":{"line":28,"column":86},"end":{"line":28,"column":null}}}},"branchMap":{"0":{"loc":{"start":{"line":7,"column":31},"end":{"line":7,"column":42}},"type":"default-arg","locations":[{"start":{"line":7,"column":40},"end":{"line":7,"column":42}}]},"1":{"loc":{"start":{"line":8,"column":70},"end":{"line":8,"column":89}},"type":"binary-expr","locations":[{"start":{"line":8,"column":70},"end":{"line":8,"column":87}},{"start":{"line":8,"column":87},"end":{"line":8,"column":89}}]},"2":{"loc":{"start":{"line":12,"column":86},"end":{"line":12,"column":105}},"type":"binary-expr","locations":[{"start":{"line":12,"column":86},"end":{"line":12,"column":103}},{"start":{"line":12,"column":103},"end":{"line":12,"column":105}}]},"3":{"loc":{"start":{"line":16,"column":83},"end":{"line":16,"column":102}},"type":"binary-expr","locations":[{"start":{"line":16,"column":83},"end":{"line":16,"column":100}},{"start":{"line":16,"column":100},"end":{"line":16,"column":102}}]},"4":{"loc":{"start":{"line":20,"column":76},"end":{"line":20,"column":95}},"type":"binary-expr","locations":[{"start":{"line":20,"column":76},"end":{"line":20,"column":93}},{"start":{"line":20,"column":93},"end":{"line":20,"column":95}}]},"5":{"loc":{"start":{"line":24,"column":61},"end":{"line":24,"column":80}},"type":"binary-expr","locations":[{"start":{"line":24,"column":61},"end":{"line":24,"column":78}},{"start":{"line":24,"column":78},"end":{"line":24,"column":80}}]},"6":{"loc":{"start":{"line":28,"column":86},"end":{"line":28,"column":null}},"type":"binary-expr","locations":[{"start":{"line":28,"column":86},"end":{"line":28,"column":111}},{"start":{"line":28,"column":111},"end":{"line":28,"column":null}}]}},"s":{"0":1,"1":1,"2":1,"3":1,"4":1,"5":1,"6":1,"7":1,"8":1,"9":1,"10":1,"11":1,"12":1,"13":1,"14":1,"15":1,"16":1,"17":1,"18":1,"19":1,"20":1,"21":1},"f":{"0":1,"1":1,"2":1,"3":1,"4":1,"5":1,"6":1,"7":1,"8":1,"9":1,"10":1,"11":1,"12":1,"13":1},"b":{"0":[1],"1":[1,1],"2":[1,1],"3":[1,1],"4":[1,1],"5":[1,1],"6":[1,0]}}
,"/Users/alexey.dobrov/derf-site/frontend/src/lib/pageTitle.js": {"path":"/Users/alexey.dobrov/derf-site/frontend/src/lib/pageTitle.js","statementMap":{"0":{"start":{"line":1,"column":16},"end":{"line":1,"column":31}},"1":{"start":{"line":2,"column":2},"end":{"line":2,"column":null}},"2":{"start":{"line":2,"column":18},"end":{"line":2,"column":null}},"3":{"start":{"line":3,"column":2},"end":{"line":3,"column":null}},"4":{"start":{"line":3,"column":17},"end":{"line":3,"column":null}},"5":{"start":{"line":4,"column":2},"end":{"line":4,"column":null}}},"fnMap":{"0":{"name":"buildPageTitle","decl":{"start":{"line":1,"column":16},"end":{"line":1,"column":31}},"loc":{"start":{"line":1,"column":50},"end":{"line":5,"column":null}}}},"branchMap":{"0":{"loc":{"start":{"line":2,"column":2},"end":{"line":2,"column":null}},"type":"if","locations":[{"start":{"line":2,"column":2},"end":{"line":2,"column":null}},{"start":{},"end":{}}]},"1":{"loc":{"start":{"line":2,"column":25},"end":{"line":2,"column":null}},"type":"binary-expr","locations":[{"start":{"line":2,"column":25},"end":{"line":2,"column":37}},{"start":{"line":2,"column":37},"end":{"line":2,"column":null}}]},"2":{"loc":{"start":{"line":3,"column":2},"end":{"line":3,"column":null}},"type":"if","locations":[{"start":{"line":3,"column":2},"end":{"line":3,"column":null}},{"start":{},"end":{}}]}},"s":{"0":12,"1":12,"2":1,"3":11,"4":1,"5":10},"f":{"0":12},"b":{"0":[1,11],"1":[1,0],"2":[1,10]}}
,"/Users/alexey.dobrov/derf-site/frontend/src/pages/index.js": {"path":"/Users/alexey.dobrov/derf-site/frontend/src/pages/index.js","statementMap":{"0":{"start":{"line":24,"column":24},"end":{"line":24,"column":null}},"1":{"start":{"line":161,"column":22},"end":{"line":161,"column":36}},"2":{"start":{"line":1,"column":17},"end":{"line":1,"column":null}},"3":{"start":{"line":2,"column":17},"end":{"line":2,"column":null}},"4":{"start":{"line":3,"column":26},"end":{"line":3,"column":null}},"5":{"start":{"line":4,"column":31},"end":{"line":4,"column":null}},"6":{"start":{"line":5,"column":45},"end":{"line":5,"column":null}},"7":{"start":{"line":6,"column":39},"end":{"line":6,"column":null}},"8":{"start":{"line":8,"column":17},"end":{"line":8,"column":null}},"9":{"start":{"line":9,"column":32},"end":{"line":9,"column":null}},"10":{"start":{"line":10,"column":49},"end":{"line":10,"column":null}},"11":{"start":{"line":11,"column":31},"end":{"line":11,"column":null}},"12":{"start":{"line":14,"column":2},"end":{"line":14,"column":null}},"13":{"start":{"line":14,"column":14},"end":{"line":14,"column":null}},"14":{"start":{"line":15,"column":2},"end":{"line":21,"column":null}},"15":{"start":{"line":25,"column":17},"end":{"line":25,"column":null}},"16":{"start":{"line":26,"column":22},"end":{"line":26,"column":null}},"17":{"start":{"line":27,"column":23},"end":{"line":27,"column":null}},"18":{"start":{"line":28,"column":26},"end":{"line":28,"column":null}},"19":{"start":{"line":29,"column":44},"end":{"line":29,"column":null}},"20":{"start":{"line":30,"column":32},"end":{"line":30,"column":null}},"21":{"start":{"line":32,"column":15},"end":{"line":32,"column":null}},"22":{"start":{"line":34,"column":2},"end":{"line":53,"column":null}},"23":{"start":{"line":35,"column":4},"end":{"line":35,"column":null}},"24":{"start":{"line":35,"column":25},"end":{"line":35,"column":null}},"25":{"start":{"line":36,"column":20},"end":{"line":36,"column":null}},"26":{"start":{"line":37,"column":4},"end":{"line":37,"column":null}},"27":{"start":{"line":39,"column":4},"end":{"line":50,"column":null}},"28":{"start":{"line":41,"column":8},"end":{"line":41,"column":null}},"29":{"start":{"line":41,"column":23},"end":{"line":41,"column":null}},"30":{"start":{"line":42,"column":8},"end":{"line":42,"column":null}},"31":{"start":{"line":43,"column":8},"end":{"line":43,"column":null}},"32":{"start":{"line":46,"column":8},"end":{"line":46,"column":null}},"33":{"start":{"line":49,"column":8},"end":{"line":49,"column":null}},"34":{"start":{"line":49,"column":24},"end":{"line":49,"column":null}},"35":{"start":{"line":52,"column":4},"end":{"line":52,"column":null}},"36":{"start":{"line":52,"column":19},"end":{"line":52,"column":36}},"37":{"start":{"line":55,"column":24},"end":{"line":55,"column":null}},"38":{"start":{"line":56,"column":19},"end":{"line":56,"column":null}},"39":{"start":{"line":57,"column":25},"end":{"line":61,"column":null}},"40":{"start":{"line":58,"column":22},"end":{"line":58,"column":87}},"41":{"start":{"line":59,"column":22},"end":{"line":59,"column":91}},"42":{"start":{"line":59,"column":47},"end":{"line":59,"column":79}},"43":{"start":{"line":60,"column":4},"end":{"line":60,"column":null}},"44":{"start":{"line":63,"column":17},"end":{"line":63,"column":null}},"45":{"start":{"line":105,"column":16},"end":{"line":105,"column":33}},"46":{"start":{"line":130,"column":16},"end":{"line":130,"column":33}},"47":{"start":{"line":162,"column":2},"end":{"line":166,"column":null}}},"fnMap":{"0":{"name":"formatDate","decl":{"start":{"line":13,"column":9},"end":{"line":13,"column":20}},"loc":{"start":{"line":13,"column":33},"end":{"line":22,"column":null}}},"1":{"name":"Home","decl":{"start":{"line":24,"column":24},"end":{"line":24,"column":null}},"loc":{"start":{"line":24,"column":24},"end":{"line":159,"column":1}}},"2":{"name":"(anonymous_6)","decl":{"start":{"line":34,"column":12},"end":{"line":34,"column":null}},"loc":{"start":{"line":34,"column":12},"end":{"line":53,"column":5}}},"3":{"name":"(anonymous_7)","decl":{"start":{"line":40,"column":12},"end":{"line":40,"column":13}},"loc":{"start":{"line":40,"column":34},"end":{"line":44,"column":null}}},"4":{"name":"(anonymous_8)","decl":{"start":{"line":45,"column":13},"end":{"line":45,"column":14}},"loc":{"start":{"line":45,"column":14},"end":{"line":47,"column":null}}},"5":{"name":"(anonymous_9)","decl":{"start":{"line":48,"column":15},"end":{"line":48,"column":null}},"loc":{"start":{"line":48,"column":15},"end":{"line":50,"column":null}}},"6":{"name":"(anonymous_10)","decl":{"start":{"line":52,"column":11},"end":{"line":52,"column":19}},"loc":{"start":{"line":52,"column":11},"end":{"line":52,"column":null}}},"7":{"name":"(anonymous_11)","decl":{"start":{"line":57,"column":33},"end":{"line":57,"column":null}},"loc":{"start":{"line":57,"column":33},"end":{"line":61,"column":5}}},"8":{"name":"(anonymous_12)","decl":{"start":{"line":59,"column":37},"end":{"line":59,"column":38}},"loc":{"start":{"line":59,"column":47},"end":{"line":59,"column":79}}},"9":{"name":"(anonymous_13)","decl":{"start":{"line":104,"column":45},"end":{"line":104,"column":46}},"loc":{"start":{"line":105,"column":16},"end":{"line":105,"column":33}}},"10":{"name":"(anonymous_14)","decl":{"start":{"line":129,"column":57},"end":{"line":129,"column":58}},"loc":{"start":{"line":130,"column":16},"end":{"line":130,"column":33}}},"11":{"name":"getStaticProps","decl":{"start":{"line":161,"column":22},"end":{"line":161,"column":36}},"loc":{"start":{"line":161,"column":47},"end":{"line":167,"column":null}}}},"branchMap":{"0":{"loc":{"start":{"line":14,"column":2},"end":{"line":14,"column":null}},"type":"if","locations":[{"start":{"line":14,"column":2},"end":{"line":14,"column":null}},{"start":{},"end":{}}]},"1":{"loc":{"start":{"line":32,"column":15},"end":{"line":32,"column":null}},"type":"binary-expr","locations":[{"start":{"line":32,"column":15},"end":{"line":32,"column":32}},{"start":{"line":32,"column":32},"end":{"line":32,"column":null}}]},"2":{"loc":{"start":{"line":35,"column":4},"end":{"line":35,"column":null}},"type":"if","locations":[{"start":{"line":35,"column":4},"end":{"line":35,"column":null}},{"start":{},"end":{}}]},"3":{"loc":{"start":{"line":41,"column":8},"end":{"line":41,"column":null}},"type":"if","locations":[{"start":{"line":41,"column":8},"end":{"line":41,"column":null}},{"start":{},"end":{}}]},"4":{"loc":{"start":{"line":49,"column":8},"end":{"line":49,"column":null}},"type":"if","locations":[{"start":{"line":49,"column":8},"end":{"line":49,"column":null}},{"start":{},"end":{}}]},"5":{"loc":{"start":{"line":55,"column":24},"end":{"line":55,"column":null}},"type":"binary-expr","locations":[{"start":{"line":55,"column":24},"end":{"line":55,"column":48}},{"start":{"line":55,"column":48},"end":{"line":55,"column":null}}]},"6":{"loc":{"start":{"line":56,"column":19},"end":{"line":56,"column":null}},"type":"binary-expr","locations":[{"start":{"line":56,"column":19},"end":{"line":56,"column":39}},{"start":{"line":56,"column":39},"end":{"line":56,"column":null}}]},"7":{"loc":{"start":{"line":58,"column":22},"end":{"line":58,"column":87}},"type":"cond-expr","locations":[{"start":{"line":58,"column":45},"end":{"line":58,"column":61}},{"start":{"line":58,"column":61},"end":{"line":58,"column":87}}]},"8":{"loc":{"start":{"line":58,"column":61},"end":{"line":58,"column":87}},"type":"binary-expr","locations":[{"start":{"line":58,"column":61},"end":{"line":58,"column":85}},{"start":{"line":58,"column":85},"end":{"line":58,"column":87}}]},"9":{"loc":{"start":{"line":59,"column":22},"end":{"line":59,"column":91}},"type":"binary-expr","locations":[{"start":{"line":59,"column":22},"end":{"line":59,"column":79}},{"start":{"line":59,"column":79},"end":{"line":59,"column":91}}]},"10":{"loc":{"start":{"line":60,"column":11},"end":{"line":60,"column":null}},"type":"binary-expr","locations":[{"start":{"line":60,"column":11},"end":{"line":60,"column":39}},{"start":{"line":60,"column":39},"end":{"line":60,"column":57}},{"start":{"line":60,"column":57},"end":{"line":60,"column":null}}]},"11":{"loc":{"start":{"line":63,"column":17},"end":{"line":63,"column":null}},"type":"binary-expr","locations":[{"start":{"line":63,"column":17},"end":{"line":63,"column":34}},{"start":{"line":63,"column":34},"end":{"line":63,"column":null}}]},"12":{"loc":{"start":{"line":77,"column":68},"end":{"line":77,"column":null}},"type":"binary-expr","locations":[{"start":{"line":77,"column":68},"end":{"line":77,"column":92}},{"start":{"line":77,"column":92},"end":{"line":77,"column":115}},{"start":{"line":77,"column":115},"end":{"line":77,"column":null}}]},"13":{"loc":{"start":{"line":78,"column":13},"end":{"line":78,"column":null}},"type":"cond-expr","locations":[{"start":{"line":78,"column":42},"end":{"line":78,"column":null}},{"start":{"line":78,"column":128},"end":{"line":78,"column":null}}]},"14":{"loc":{"start":{"line":79,"column":13},"end":{"line":79,"column":null}},"type":"cond-expr","locations":[{"start":{"line":79,"column":43},"end":{"line":79,"column":null}},{"start":{"line":79,"column":140},"end":{"line":79,"column":null}}]},"15":{"loc":{"start":{"line":80,"column":13},"end":{"line":84,"column":null}},"type":"cond-expr","locations":[{"start":{"line":81,"column":14},"end":{"line":84,"column":null}},{"start":{"line":84,"column":16},"end":{"line":84,"column":null}}]},"16":{"loc":{"start":{"line":89,"column":68},"end":{"line":89,"column":null}},"type":"binary-expr","locations":[{"start":{"line":89,"column":68},"end":{"line":89,"column":87}},{"start":{"line":89,"column":87},"end":{"line":89,"column":null}}]},"17":{"loc":{"start":{"line":90,"column":13},"end":{"line":95,"column":null}},"type":"cond-expr","locations":[{"start":{"line":91,"column":14},"end":{"line":95,"column":null}},{"start":{"line":95,"column":16},"end":{"line":95,"column":null}}]},"18":{"loc":{"start":{"line":106,"column":28},"end":{"line":106,"column":60}},"type":"binary-expr","locations":[{"start":{"line":106,"column":28},"end":{"line":106,"column":50}},{"start":{"line":106,"column":50},"end":{"line":106,"column":60}}]},"19":{"loc":{"start":{"line":106,"column":65},"end":{"line":106,"column":105}},"type":"binary-expr","locations":[{"start":{"line":106,"column":65},"end":{"line":106,"column":79}},{"start":{"line":106,"column":79},"end":{"line":106,"column":96}},{"start":{"line":106,"column":96},"end":{"line":106,"column":105}}]},"20":{"loc":{"start":{"line":109,"column":76},"end":{"line":109,"column":null}},"type":"binary-expr","locations":[{"start":{"line":109,"column":76},"end":{"line":109,"column":90}},{"start":{"line":109,"column":90},"end":{"line":109,"column":107}},{"start":{"line":109,"column":107},"end":{"line":109,"column":123}},{"start":{"line":109,"column":123},"end":{"line":109,"column":null}}]},"21":{"loc":{"start":{"line":113,"column":15},"end":{"line":113,"column":null}},"type":"cond-expr","locations":[{"start":{"line":113,"column":51},"end":{"line":113,"column":null}},{"start":{"line":113,"column":113},"end":{"line":113,"column":null}}]},"22":{"loc":{"start":{"line":113,"column":15},"end":{"line":113,"column":51}},"type":"binary-expr","locations":[{"start":{"line":113,"column":15},"end":{"line":113,"column":40}},{"start":{"line":113,"column":40},"end":{"line":113,"column":51}}]},"23":{"loc":{"start":{"line":129,"column":16},"end":{"line":129,"column":39}},"type":"binary-expr","locations":[{"start":{"line":129,"column":16},"end":{"line":129,"column":37}},{"start":{"line":129,"column":37},"end":{"line":129,"column":39}}]},"24":{"loc":{"start":{"line":131,"column":69},"end":{"line":131,"column":null}},"type":"binary-expr","locations":[{"start":{"line":131,"column":69},"end":{"line":131,"column":83}},{"start":{"line":131,"column":83},"end":{"line":131,"column":null}}]},"25":{"loc":{"start":{"line":133,"column":19},"end":{"line":133,"column":null}},"type":"cond-expr","locations":[{"start":{"line":133,"column":38},"end":{"line":133,"column":null}},{"start":{"line":133,"column":115},"end":{"line":133,"column":null}}]},"26":{"loc":{"start":{"line":136,"column":15},"end":{"line":136,"column":null}},"type":"cond-expr","locations":[{"start":{"line":136,"column":56},"end":{"line":136,"column":null}},{"start":{"line":136,"column":118},"end":{"line":136,"column":null}}]},"27":{"loc":{"start":{"line":136,"column":15},"end":{"line":136,"column":56}},"type":"binary-expr","locations":[{"start":{"line":136,"column":15},"end":{"line":136,"column":45}},{"start":{"line":136,"column":45},"end":{"line":136,"column":56}}]},"28":{"loc":{"start":{"line":164,"column":39},"end":{"line":164,"column":55}},"type":"binary-expr","locations":[{"start":{"line":164,"column":39},"end":{"line":164,"column":49}},{"start":{"line":164,"column":49},"end":{"line":164,"column":55}}]}},"s":{"0":1,"1":0,"2":1,"3":1,"4":1,"5":1,"6":1,"7":1,"8":1,"9":1,"10":1,"11":1,"12":0,"13":0,"14":0,"15":1,"16":1,"17":1,"18":1,"19":1,"20":1,"21":1,"22":1,"23":1,"24":0,"25":1,"26":1,"27":1,"28":1,"29":0,"30":1,"31":1,"32":0,"33":1,"34":1,"35":1,"36":1,"37":1,"38":1,"39":1,"40":1,"41":1,"42":0,"43":1,"44":1,"45":0,"46":0,"47":0},"f":{"0":0,"1":1,"2":1,"3":1,"4":0,"5":1,"6":1,"7":1,"8":0,"9":0,"10":0,"11":0},"b":{"0":[0,0],"1":[1,0],"2":[0,1],"3":[0,1],"4":[1,0],"5":[1,1],"6":[1,1],"7":[0,1],"8":[1,1],"9":[1,1],"10":[1,1,1],"11":[1,0],"12":[1,1,1],"13":[0,1],"14":[0,1],"15":[0,1],"16":[1,1],"17":[0,1],"18":[0,0],"19":[0,0,0],"20":[0,0,0,0],"21":[0,1],"22":[1,1],"23":[1,1],"24":[0,0],"25":[0,0],"26":[0,1],"27":[1,1],"28":[0,0]}}
,"/Users/alexey.dobrov/derf-site/frontend/src/pages/media.js": {"path":"/Users/alexey.dobrov/derf-site/frontend/src/pages/media.js","statementMap":{"0":{"start":{"line":12,"column":24},"end":{"line":12,"column":null}},"1":{"start":{"line":68,"column":22},"end":{"line":68,"column":36}},"2":{"start":{"line":1,"column":17},"end":{"line":1,"column":null}},"3":{"start":{"line":2,"column":26},"end":{"line":2,"column":null}},"4":{"start":{"line":3,"column":31},"end":{"line":3,"column":null}},"5":{"start":{"line":4,"column":45},"end":{"line":4,"column":null}},"6":{"start":{"line":5,"column":39},"end":{"line":5,"column":null}},"7":{"start":{"line":7,"column":22},"end":{"line":7,"column":null}},"8":{"start":{"line":8,"column":32},"end":{"line":8,"column":null}},"9":{"start":{"line":9,"column":31},"end":{"line":9,"column":null}},"10":{"start":{"line":10,"column":31},"end":{"line":10,"column":null}},"11":{"start":{"line":13,"column":17},"end":{"line":13,"column":null}},"12":{"start":{"line":14,"column":16},"end":{"line":14,"column":null}},"13":{"start":{"line":15,"column":23},"end":{"line":15,"column":null}},"14":{"start":{"line":16,"column":28},"end":{"line":16,"column":null}},"15":{"start":{"line":17,"column":30},"end":{"line":17,"column":null}},"16":{"start":{"line":18,"column":15},"end":{"line":18,"column":null}},"17":{"start":{"line":20,"column":2},"end":{"line":25,"column":null}},"18":{"start":{"line":21,"column":4},"end":{"line":21,"column":null}},"19":{"start":{"line":21,"column":25},"end":{"line":21,"column":null}},"20":{"start":{"line":22,"column":4},"end":{"line":24,"column":null}},"21":{"start":{"line":23,"column":22},"end":{"line":23,"column":null}},"22":{"start":{"line":24,"column":24},"end":{"line":24,"column":null}},"23":{"start":{"line":27,"column":19},"end":{"line":30,"column":null}},"24":{"start":{"line":28,"column":4},"end":{"line":28,"column":null}},"25":{"start":{"line":28,"column":26},"end":{"line":28,"column":null}},"26":{"start":{"line":29,"column":4},"end":{"line":29,"column":null}},"27":{"start":{"line":29,"column":34},"end":{"line":29,"column":null}},"28":{"start":{"line":44,"column":12},"end":{"line":45,"column":null}},"29":{"start":{"line":47,"column":29},"end":{"line":47,"column":null}},"30":{"start":{"line":69,"column":2},"end":{"line":73,"column":null}}},"fnMap":{"0":{"name":"Media","decl":{"start":{"line":12,"column":24},"end":{"line":12,"column":null}},"loc":{"start":{"line":12,"column":24},"end":{"line":66,"column":1}}},"1":{"name":"(anonymous_5)","decl":{"start":{"line":20,"column":12},"end":{"line":20,"column":null}},"loc":{"start":{"line":20,"column":12},"end":{"line":25,"column":5}}},"2":{"name":"(anonymous_6)","decl":{"start":{"line":23,"column":12},"end":{"line":23,"column":13}},"loc":{"start":{"line":23,"column":22},"end":{"line":23,"column":null}}},"3":{"name":"(anonymous_7)","decl":{"start":{"line":24,"column":13},"end":{"line":24,"column":14}},"loc":{"start":{"line":24,"column":24},"end":{"line":24,"column":null}}},"4":{"name":"(anonymous_8)","decl":{"start":{"line":27,"column":27},"end":{"line":27,"column":null}},"loc":{"start":{"line":27,"column":27},"end":{"line":30,"column":5}}},"5":{"name":"(anonymous_9)","decl":{"start":{"line":29,"column":24},"end":{"line":29,"column":25}},"loc":{"start":{"line":29,"column":34},"end":{"line":29,"column":null}}},"6":{"name":"(anonymous_10)","decl":{"start":{"line":43,"column":50},"end":{"line":43,"column":51}},"loc":{"start":{"line":44,"column":12},"end":{"line":45,"column":null}}},"7":{"name":"(anonymous_11)","decl":{"start":{"line":47,"column":23},"end":{"line":47,"column":29}},"loc":{"start":{"line":47,"column":29},"end":{"line":47,"column":null}}},"8":{"name":"getStaticProps","decl":{"start":{"line":68,"column":22},"end":{"line":68,"column":36}},"loc":{"start":{"line":68,"column":47},"end":{"line":74,"column":null}}}},"branchMap":{"0":{"loc":{"start":{"line":18,"column":15},"end":{"line":18,"column":null}},"type":"binary-expr","locations":[{"start":{"line":18,"column":15},"end":{"line":18,"column":32}},{"start":{"line":18,"column":32},"end":{"line":18,"column":null}}]},"1":{"loc":{"start":{"line":21,"column":4},"end":{"line":21,"column":null}},"type":"if","locations":[{"start":{"line":21,"column":4},"end":{"line":21,"column":null}},{"start":{},"end":{}}]},"2":{"loc":{"start":{"line":28,"column":4},"end":{"line":28,"column":null}},"type":"if","locations":[{"start":{"line":28,"column":4},"end":{"line":28,"column":null}},{"start":{},"end":{}}]},"3":{"loc":{"start":{"line":49,"column":16},"end":{"line":51,"column":null}},"type":"cond-expr","locations":[{"start":{"line":50,"column":20},"end":{"line":50,"column":null}},{"start":{"line":51,"column":20},"end":{"line":51,"column":null}}]},"4":{"loc":{"start":{"line":54,"column":15},"end":{"line":54,"column":null}},"type":"cond-expr","locations":[{"start":{"line":54,"column":33},"end":{"line":54,"column":52}},{"start":{"line":54,"column":52},"end":{"line":54,"column":null}}]},"5":{"loc":{"start":{"line":54,"column":52},"end":{"line":54,"column":null}},"type":"cond-expr","locations":[{"start":{"line":54,"column":72},"end":{"line":54,"column":94}},{"start":{"line":54,"column":94},"end":{"line":54,"column":null}}]},"6":{"loc":{"start":{"line":54,"column":94},"end":{"line":54,"column":null}},"type":"cond-expr","locations":[{"start":{"line":54,"column":114},"end":{"line":54,"column":136}},{"start":{"line":54,"column":136},"end":{"line":54,"column":null}}]},"7":{"loc":{"start":{"line":61,"column":11},"end":{"line":61,"column":null}},"type":"cond-expr","locations":[{"start":{"line":61,"column":30},"end":{"line":61,"column":null}},{"start":{"line":61,"column":92},"end":{"line":61,"column":null}}]},"8":{"loc":{"start":{"line":71,"column":39},"end":{"line":71,"column":55}},"type":"binary-expr","locations":[{"start":{"line":71,"column":39},"end":{"line":71,"column":49}},{"start":{"line":71,"column":49},"end":{"line":71,"column":55}}]}},"s":{"0":1,"1":0,"2":1,"3":1,"4":1,"5":1,"6":1,"7":1,"8":1,"9":1,"10":1,"11":2,"12":2,"13":2,"14":2,"15":2,"16":2,"17":2,"18":1,"19":0,"20":1,"21":1,"22":0,"23":2,"24":2,"25":2,"26":0,"27":0,"28":8,"29":0,"30":0},"f":{"0":2,"1":1,"2":1,"3":0,"4":2,"5":0,"6":8,"7":0,"8":0},"b":{"0":[2,0],"1":[0,1],"2":[2,0],"3":[2,6],"4":[2,6],"5":[2,4],"6":[2,2],"7":[1,1],"8":[0,0]}}
,"/Users/alexey.dobrov/derf-site/frontend/src/pages/music.js": {"path":"/Users/alexey.dobrov/derf-site/frontend/src/pages/music.js","statementMap":{"0":{"start":{"line":16,"column":24},"end":{"line":16,"column":null}},"1":{"start":{"line":77,"column":22},"end":{"line":77,"column":36}},"2":{"start":{"line":1,"column":17},"end":{"line":1,"column":null}},"3":{"start":{"line":2,"column":26},"end":{"line":2,"column":null}},"4":{"start":{"line":3,"column":31},"end":{"line":3,"column":null}},"5":{"start":{"line":4,"column":36},"end":{"line":4,"column":null}},"6":{"start":{"line":5,"column":39},"end":{"line":5,"column":null}},"7":{"start":{"line":7,"column":32},"end":{"line":7,"column":null}},"8":{"start":{"line":8,"column":30},"end":{"line":8,"column":null}},"9":{"start":{"line":9,"column":31},"end":{"line":9,"column":null}},"10":{"start":{"line":12,"column":2},"end":{"line":12,"column":null}},"11":{"start":{"line":12,"column":14},"end":{"line":12,"column":null}},"12":{"start":{"line":13,"column":2},"end":{"line":13,"column":null}},"13":{"start":{"line":17,"column":17},"end":{"line":17,"column":null}},"14":{"start":{"line":18,"column":22},"end":{"line":18,"column":null}},"15":{"start":{"line":19,"column":23},"end":{"line":19,"column":null}},"16":{"start":{"line":20,"column":34},"end":{"line":20,"column":null}},"17":{"start":{"line":21,"column":15},"end":{"line":21,"column":null}},"18":{"start":{"line":23,"column":2},"end":{"line":28,"column":null}},"19":{"start":{"line":24,"column":4},"end":{"line":24,"column":null}},"20":{"start":{"line":24,"column":25},"end":{"line":24,"column":null}},"21":{"start":{"line":25,"column":4},"end":{"line":27,"column":null}},"22":{"start":{"line":26,"column":22},"end":{"line":26,"column":null}},"23":{"start":{"line":27,"column":24},"end":{"line":27,"column":null}},"24":{"start":{"line":30,"column":25},"end":{"line":30,"column":null}},"25":{"start":{"line":51,"column":12},"end":{"line":51,"column":38}},"26":{"start":{"line":78,"column":2},"end":{"line":82,"column":null}}},"fnMap":{"0":{"name":"formatDate","decl":{"start":{"line":11,"column":9},"end":{"line":11,"column":20}},"loc":{"start":{"line":11,"column":33},"end":{"line":14,"column":null}}},"1":{"name":"Music","decl":{"start":{"line":16,"column":24},"end":{"line":16,"column":null}},"loc":{"start":{"line":16,"column":24},"end":{"line":75,"column":1}}},"2":{"name":"(anonymous_6)","decl":{"start":{"line":23,"column":12},"end":{"line":23,"column":null}},"loc":{"start":{"line":23,"column":12},"end":{"line":28,"column":5}}},"3":{"name":"(anonymous_7)","decl":{"start":{"line":26,"column":12},"end":{"line":26,"column":13}},"loc":{"start":{"line":26,"column":22},"end":{"line":26,"column":null}}},"4":{"name":"(anonymous_8)","decl":{"start":{"line":27,"column":13},"end":{"line":27,"column":14}},"loc":{"start":{"line":27,"column":24},"end":{"line":27,"column":null}}},"5":{"name":"(anonymous_9)","decl":{"start":{"line":50,"column":24},"end":{"line":50,"column":25}},"loc":{"start":{"line":51,"column":12},"end":{"line":51,"column":38}}},"6":{"name":"getStaticProps","decl":{"start":{"line":77,"column":22},"end":{"line":77,"column":36}},"loc":{"start":{"line":77,"column":47},"end":{"line":83,"column":null}}}},"branchMap":{"0":{"loc":{"start":{"line":12,"column":2},"end":{"line":12,"column":null}},"type":"if","locations":[{"start":{"line":12,"column":2},"end":{"line":12,"column":null}},{"start":{},"end":{}}]},"1":{"loc":{"start":{"line":21,"column":15},"end":{"line":21,"column":null}},"type":"binary-expr","locations":[{"start":{"line":21,"column":15},"end":{"line":21,"column":32}},{"start":{"line":21,"column":32},"end":{"line":21,"column":null}}]},"2":{"loc":{"start":{"line":24,"column":4},"end":{"line":24,"column":null}},"type":"if","locations":[{"start":{"line":24,"column":4},"end":{"line":24,"column":null}},{"start":{},"end":{}}]},"3":{"loc":{"start":{"line":30,"column":25},"end":{"line":30,"column":null}},"type":"binary-expr","locations":[{"start":{"line":30,"column":25},"end":{"line":30,"column":36}},{"start":{"line":30,"column":40},"end":{"line":30,"column":null}}]},"4":{"loc":{"start":{"line":44,"column":19},"end":{"line":44,"column":61}},"type":"binary-expr","locations":[{"start":{"line":44,"column":19},"end":{"line":44,"column":51}},{"start":{"line":44,"column":51},"end":{"line":44,"column":61}}]},"5":{"loc":{"start":{"line":44,"column":69},"end":{"line":44,"column":122}},"type":"cond-expr","locations":[{"start":{"line":44,"column":100},"end":{"line":44,"column":111}},{"start":{"line":44,"column":111},"end":{"line":44,"column":122}}]},"6":{"loc":{"start":{"line":44,"column":127},"end":{"line":44,"column":184}},"type":"cond-expr","locations":[{"start":{"line":44,"column":158},"end":{"line":44,"column":173}},{"start":{"line":44,"column":173},"end":{"line":44,"column":184}}]},"7":{"loc":{"start":{"line":53,"column":17},"end":{"line":53,"column":null}},"type":"cond-expr","locations":[{"start":{"line":53,"column":37},"end":{"line":53,"column":null}},{"start":{"line":53,"column":146},"end":{"line":53,"column":null}}]},"8":{"loc":{"start":{"line":53,"column":71},"end":{"line":53,"column":102}},"type":"binary-expr","locations":[{"start":{"line":53,"column":71},"end":{"line":53,"column":88}},{"start":{"line":53,"column":88},"end":{"line":53,"column":102}}]},"9":{"loc":{"start":{"line":57,"column":72},"end":{"line":57,"column":null}},"type":"binary-expr","locations":[{"start":{"line":57,"column":72},"end":{"line":57,"column":89}},{"start":{"line":57,"column":89},"end":{"line":57,"column":null}}]},"10":{"loc":{"start":{"line":58,"column":17},"end":{"line":58,"column":null}},"type":"cond-expr","locations":[{"start":{"line":58,"column":39},"end":{"line":58,"column":null}},{"start":{"line":58,"column":119},"end":{"line":58,"column":null}}]},"11":{"loc":{"start":{"line":59,"column":17},"end":{"line":59,"column":null}},"type":"cond-expr","locations":[{"start":{"line":59,"column":40},"end":{"line":59,"column":null}},{"start":{"line":59,"column":146},"end":{"line":59,"column":null}}]},"12":{"loc":{"start":{"line":59,"column":116},"end":{"line":59,"column":146}},"type":"binary-expr","locations":[{"start":{"line":59,"column":116},"end":{"line":59,"column":133}},{"start":{"line":59,"column":133},"end":{"line":59,"column":146}}]},"13":{"loc":{"start":{"line":61,"column":19},"end":{"line":65,"column":null}},"type":"cond-expr","locations":[{"start":{"line":62,"column":20},"end":{"line":65,"column":null}},{"start":{"line":65,"column":22},"end":{"line":65,"column":null}}]},"14":{"loc":{"start":{"line":70,"column":11},"end":{"line":70,"column":null}},"type":"cond-expr","locations":[{"start":{"line":70,"column":30},"end":{"line":70,"column":null}},{"start":{"line":70,"column":95},"end":{"line":70,"column":null}}]},"15":{"loc":{"start":{"line":80,"column":39},"end":{"line":80,"column":55}},"type":"binary-expr","locations":[{"start":{"line":80,"column":39},"end":{"line":80,"column":49}},{"start":{"line":80,"column":49},"end":{"line":80,"column":55}}]}},"s":{"0":1,"1":0,"2":1,"3":1,"4":1,"5":1,"6":1,"7":1,"8":1,"9":1,"10":0,"11":0,"12":0,"13":2,"14":2,"15":2,"16":2,"17":2,"18":2,"19":1,"20":0,"21":1,"22":1,"23":0,"24":2,"25":1,"26":0},"f":{"0":0,"1":2,"2":1,"3":1,"4":0,"5":1,"6":0},"b":{"0":[0,0],"1":[2,0],"2":[0,1],"3":[2,1],"4":[2,2],"5":[0,2],"6":[0,2],"7":[0,1],"8":[0,0],"9":[1,0],"10":[0,1],"11":[0,1],"12":[0,0],"13":[0,1],"14":[1,1],"15":[0,0]}}
,"/Users/alexey.dobrov/derf-site/frontend/src/pages/press.js": {"path":"/Users/alexey.dobrov/derf-site/frontend/src/pages/press.js","statementMap":{"0":{"start":{"line":11,"column":24},"end":{"line":11,"column":null}},"1":{"start":{"line":51,"column":22},"end":{"line":51,"column":36}},"2":{"start":{"line":1,"column":17},"end":{"line":1,"column":null}},"3":{"start":{"line":2,"column":26},"end":{"line":2,"column":null}},"4":{"start":{"line":3,"column":31},"end":{"line":3,"column":null}},"5":{"start":{"line":4,"column":36},"end":{"line":4,"column":null}},"6":{"start":{"line":5,"column":39},"end":{"line":5,"column":null}},"7":{"start":{"line":7,"column":32},"end":{"line":7,"column":null}},"8":{"start":{"line":8,"column":32},"end":{"line":8,"column":null}},"9":{"start":{"line":9,"column":31},"end":{"line":9,"column":null}},"10":{"start":{"line":12,"column":17},"end":{"line":12,"column":null}},"11":{"start":{"line":13,"column":16},"end":{"line":13,"column":null}},"12":{"start":{"line":14,"column":23},"end":{"line":14,"column":null}},"13":{"start":{"line":15,"column":28},"end":{"line":15,"column":null}},"14":{"start":{"line":16,"column":15},"end":{"line":16,"column":null}},"15":{"start":{"line":18,"column":2},"end":{"line":23,"column":null}},"16":{"start":{"line":19,"column":4},"end":{"line":19,"column":null}},"17":{"start":{"line":19,"column":25},"end":{"line":19,"column":null}},"18":{"start":{"line":20,"column":4},"end":{"line":22,"column":null}},"19":{"start":{"line":21,"column":22},"end":{"line":21,"column":null}},"20":{"start":{"line":22,"column":24},"end":{"line":22,"column":null}},"21":{"start":{"line":37,"column":12},"end":{"line":37,"column":29}},"22":{"start":{"line":52,"column":2},"end":{"line":56,"column":null}}},"fnMap":{"0":{"name":"Press","decl":{"start":{"line":11,"column":24},"end":{"line":11,"column":null}},"loc":{"start":{"line":11,"column":24},"end":{"line":49,"column":1}}},"1":{"name":"(anonymous_5)","decl":{"start":{"line":18,"column":12},"end":{"line":18,"column":null}},"loc":{"start":{"line":18,"column":12},"end":{"line":23,"column":5}}},"2":{"name":"(anonymous_6)","decl":{"start":{"line":21,"column":12},"end":{"line":21,"column":13}},"loc":{"start":{"line":21,"column":22},"end":{"line":21,"column":null}}},"3":{"name":"(anonymous_7)","decl":{"start":{"line":22,"column":13},"end":{"line":22,"column":14}},"loc":{"start":{"line":22,"column":24},"end":{"line":22,"column":null}}},"4":{"name":"(anonymous_8)","decl":{"start":{"line":36,"column":21},"end":{"line":36,"column":22}},"loc":{"start":{"line":37,"column":12},"end":{"line":37,"column":29}}},"5":{"name":"getStaticProps","decl":{"start":{"line":51,"column":22},"end":{"line":51,"column":36}},"loc":{"start":{"line":51,"column":47},"end":{"line":57,"column":null}}}},"branchMap":{"0":{"loc":{"start":{"line":16,"column":15},"end":{"line":16,"column":null}},"type":"binary-expr","locations":[{"start":{"line":16,"column":15},"end":{"line":16,"column":32}},{"start":{"line":16,"column":32},"end":{"line":16,"column":null}}]},"1":{"loc":{"start":{"line":19,"column":4},"end":{"line":19,"column":null}},"type":"if","locations":[{"start":{"line":19,"column":4},"end":{"line":19,"column":null}},{"start":{},"end":{}}]},"2":{"loc":{"start":{"line":39,"column":70},"end":{"line":39,"column":null}},"type":"binary-expr","locations":[{"start":{"line":39,"column":70},"end":{"line":39,"column":84}},{"start":{"line":39,"column":84},"end":{"line":39,"column":null}}]},"3":{"loc":{"start":{"line":40,"column":15},"end":{"line":40,"column":null}},"type":"cond-expr","locations":[{"start":{"line":40,"column":34},"end":{"line":40,"column":null}},{"start":{"line":40,"column":111},"end":{"line":40,"column":null}}]},"4":{"loc":{"start":{"line":44,"column":11},"end":{"line":44,"column":null}},"type":"cond-expr","locations":[{"start":{"line":44,"column":27},"end":{"line":44,"column":null}},{"start":{"line":44,"column":89},"end":{"line":44,"column":null}}]},"5":{"loc":{"start":{"line":54,"column":39},"end":{"line":54,"column":55}},"type":"binary-expr","locations":[{"start":{"line":54,"column":39},"end":{"line":54,"column":49}},{"start":{"line":54,"column":49},"end":{"line":54,"column":55}}]}},"s":{"0":1,"1":0,"2":1,"3":1,"4":1,"5":1,"6":1,"7":1,"8":1,"9":1,"10":2,"11":2,"12":2,"13":2,"14":2,"15":2,"16":1,"17":0,"18":1,"19":1,"20":0,"21":1,"22":0},"f":{"0":2,"1":1,"2":1,"3":0,"4":1,"5":0},"b":{"0":[2,0],"1":[0,1],"2":[1,0],"3":[0,1],"4":[1,1],"5":[0,0]}}
,"/Users/alexey.dobrov/derf-site/frontend/src/pages/shows.js": {"path":"/Users/alexey.dobrov/derf-site/frontend/src/pages/shows.js","statementMap":{"0":{"start":{"line":12,"column":24},"end":{"line":12,"column":null}},"1":{"start":{"line":72,"column":22},"end":{"line":72,"column":36}},"2":{"start":{"line":1,"column":17},"end":{"line":1,"column":null}},"3":{"start":{"line":2,"column":26},"end":{"line":2,"column":null}},"4":{"start":{"line":3,"column":31},"end":{"line":3,"column":null}},"5":{"start":{"line":4,"column":45},"end":{"line":4,"column":null}},"6":{"start":{"line":5,"column":39},"end":{"line":5,"column":null}},"7":{"start":{"line":7,"column":22},"end":{"line":7,"column":null}},"8":{"start":{"line":8,"column":32},"end":{"line":8,"column":null}},"9":{"start":{"line":9,"column":28},"end":{"line":9,"column":null}},"10":{"start":{"line":10,"column":31},"end":{"line":10,"column":null}},"11":{"start":{"line":13,"column":17},"end":{"line":13,"column":null}},"12":{"start":{"line":14,"column":22},"end":{"line":14,"column":null}},"13":{"start":{"line":15,"column":23},"end":{"line":15,"column":null}},"14":{"start":{"line":16,"column":30},"end":{"line":16,"column":null}},"15":{"start":{"line":17,"column":15},"end":{"line":17,"column":null}},"16":{"start":{"line":19,"column":2},"end":{"line":24,"column":null}},"17":{"start":{"line":20,"column":4},"end":{"line":20,"column":null}},"18":{"start":{"line":20,"column":25},"end":{"line":20,"column":null}},"19":{"start":{"line":21,"column":4},"end":{"line":23,"column":null}},"20":{"start":{"line":22,"column":22},"end":{"line":22,"column":null}},"21":{"start":{"line":23,"column":24},"end":{"line":23,"column":null}},"22":{"start":{"line":26,"column":29},"end":{"line":35,"column":null}},"23":{"start":{"line":27,"column":16},"end":{"line":27,"column":null}},"24":{"start":{"line":28,"column":26},"end":{"line":28,"column":28}},"25":{"start":{"line":29,"column":22},"end":{"line":29,"column":24}},"26":{"start":{"line":30,"column":4},"end":{"line":33,"column":null}},"27":{"start":{"line":31,"column":6},"end":{"line":32,"column":null}},"28":{"start":{"line":31,"column":61},"end":{"line":31,"column":null}},"29":{"start":{"line":32,"column":11},"end":{"line":32,"column":null}},"30":{"start":{"line":34,"column":4},"end":{"line":34,"column":null}},"31":{"start":{"line":52,"column":16},"end":{"line":52,"column":42}},"32":{"start":{"line":62,"column":16},"end":{"line":62,"column":42}},"33":{"start":{"line":73,"column":2},"end":{"line":77,"column":null}}},"fnMap":{"0":{"name":"Shows","decl":{"start":{"line":12,"column":24},"end":{"line":12,"column":null}},"loc":{"start":{"line":12,"column":24},"end":{"line":70,"column":1}}},"1":{"name":"(anonymous_5)","decl":{"start":{"line":19,"column":12},"end":{"line":19,"column":null}},"loc":{"start":{"line":19,"column":12},"end":{"line":24,"column":5}}},"2":{"name":"(anonymous_6)","decl":{"start":{"line":22,"column":12},"end":{"line":22,"column":13}},"loc":{"start":{"line":22,"column":22},"end":{"line":22,"column":null}}},"3":{"name":"(anonymous_7)","decl":{"start":{"line":23,"column":13},"end":{"line":23,"column":14}},"loc":{"start":{"line":23,"column":24},"end":{"line":23,"column":null}}},"4":{"name":"(anonymous_8)","decl":{"start":{"line":26,"column":37},"end":{"line":26,"column":null}},"loc":{"start":{"line":26,"column":37},"end":{"line":35,"column":5}}},"5":{"name":"(anonymous_9)","decl":{"start":{"line":51,"column":28},"end":{"line":51,"column":29}},"loc":{"start":{"line":52,"column":16},"end":{"line":52,"column":42}}},"6":{"name":"(anonymous_10)","decl":{"start":{"line":61,"column":24},"end":{"line":61,"column":25}},"loc":{"start":{"line":62,"column":16},"end":{"line":62,"column":42}}},"7":{"name":"getStaticProps","decl":{"start":{"line":72,"column":22},"end":{"line":72,"column":36}},"loc":{"start":{"line":72,"column":47},"end":{"line":78,"column":null}}}},"branchMap":{"0":{"loc":{"start":{"line":17,"column":15},"end":{"line":17,"column":null}},"type":"binary-expr","locations":[{"start":{"line":17,"column":15},"end":{"line":17,"column":32}},{"start":{"line":17,"column":32},"end":{"line":17,"column":null}}]},"1":{"loc":{"start":{"line":20,"column":4},"end":{"line":20,"column":null}},"type":"if","locations":[{"start":{"line":20,"column":4},"end":{"line":20,"column":null}},{"start":{},"end":{}}]},"2":{"loc":{"start":{"line":31,"column":6},"end":{"line":32,"column":null}},"type":"if","locations":[{"start":{"line":31,"column":6},"end":{"line":32,"column":null}},{"start":{"line":32,"column":11},"end":{"line":32,"column":null}}]},"3":{"loc":{"start":{"line":31,"column":10},"end":{"line":31,"column":61}},"type":"binary-expr","locations":[{"start":{"line":31,"column":10},"end":{"line":31,"column":28}},{"start":{"line":31,"column":28},"end":{"line":31,"column":61}}]},"4":{"loc":{"start":{"line":52,"column":64},"end":{"line":52,"column":null}},"type":"binary-expr","locations":[{"start":{"line":52,"column":64},"end":{"line":52,"column":81}},{"start":{"line":52,"column":81},"end":{"line":52,"column":null}}]},"5":{"loc":{"start":{"line":54,"column":15},"end":{"line":54,"column":null}},"type":"cond-expr","locations":[{"start":{"line":54,"column":34},"end":{"line":54,"column":null}},{"start":{"line":54,"column":97},"end":{"line":54,"column":null}}]},"6":{"loc":{"start":{"line":62,"column":64},"end":{"line":62,"column":null}},"type":"binary-expr","locations":[{"start":{"line":62,"column":64},"end":{"line":62,"column":81}},{"start":{"line":62,"column":81},"end":{"line":62,"column":null}}]},"7":{"loc":{"start":{"line":75,"column":39},"end":{"line":75,"column":55}},"type":"binary-expr","locations":[{"start":{"line":75,"column":39},"end":{"line":75,"column":49}},{"start":{"line":75,"column":49},"end":{"line":75,"column":55}}]}},"s":{"0":1,"1":0,"2":1,"3":1,"4":1,"5":1,"6":1,"7":1,"8":1,"9":1,"10":1,"11":2,"12":2,"13":2,"14":2,"15":2,"16":2,"17":1,"18":0,"19":1,"20":1,"21":0,"22":2,"23":2,"24":2,"25":2,"26":2,"27":1,"28":1,"29":0,"30":2,"31":1,"32":0,"33":0},"f":{"0":2,"1":1,"2":1,"3":0,"4":2,"5":1,"6":0,"7":0},"b":{"0":[2,0],"1":[0,1],"2":[1,0],"3":[1,1],"4":[1,0],"5":[1,1],"6":[0,0],"7":[0,0]}}
}
