TN:
SF:src/components/EventCard.js
FN:3,formatDate
FN:14,EventCard
FNF:2
FNH:2
FNDA:1,formatDate
FNDA:1,EventCard
DA:1,1
DA:4,1
DA:5,1
DA:14,1
DA:15,1
DA:16,1
DA:17,1
LF:7
LH:7
BRDA:4,0,0,0
BRDA:4,0,1,1
BRDA:14,1,0,1
BRDA:26,2,0,0
BRDA:26,2,1,1
BRDA:30,3,0,1
BRDA:30,3,1,0
BRDA:35,4,0,1
BRDA:35,4,1,0
BRF:9
BRH:5
end_of_record
TN:
SF:src/components/Footer.js
FN:6,Footer
FN:11,(anonymous_2)
FN:14,(anonymous_3)
FN:17,(anonymous_4)
FN:18,(anonymous_5)
FN:33,(anonymous_6)
FNF:6
FNH:5
FNDA:2,Footer
FNDA:1,(anonymous_2)
FNDA:1,(anonymous_3)
FNDA:0,(anonymous_4)
FNDA:1,(anonymous_5)
FNDA:2,(anonymous_6)
DA:1,1
DA:2,1
DA:4,1
DA:6,1
DA:7,2
DA:8,2
DA:9,2
DA:11,2
DA:12,1
DA:13,1
DA:15,1
DA:17,0
DA:18,1
DA:34,2
LF:14
LH:13
BRDA:15,0,0,1
BRDA:15,0,1,0
BRF:2
BRH:1
end_of_record
TN:
SF:src/components/Header.js
FN:8,Header
FN:15,(anonymous_3)
FN:39,(anonymous_4)
FN:49,(anonymous_5)
FN:80,(anonymous_6)
FNF:5
FNH:4
FNDA:2,Header
FNDA:2,(anonymous_3)
FNDA:1,(anonymous_4)
FNDA:0,(anonymous_5)
FNDA:12,(anonymous_6)
DA:1,1
DA:2,1
DA:3,1
DA:4,1
DA:6,1
DA:8,1
DA:9,2
DA:10,2
DA:11,2
DA:12,2
DA:14,2
DA:15,2
DA:26,2
DA:27,2
DA:39,1
DA:49,0
DA:81,12
LF:17
LH:16
BRDA:26,0,0,2
BRDA:26,0,1,0
BRDA:27,1,0,0
BRDA:27,1,1,2
BRDA:35,2,0,1
BRDA:52,3,0,0
BRDA:52,3,1,2
BRDA:56,4,0,0
BRDA:55,5,0,2
BRDA:55,5,1,2
BRDA:85,6,0,2
BRDA:85,6,1,10
BRF:12
BRH:8
end_of_record
TN:
SF:src/components/Hero.js
FN:4,formatReleaseDate
FN:10,formatEventDate
FN:23,Hero
FNF:3
FNH:3
FNDA:1,formatReleaseDate
FNDA:1,formatEventDate
FNDA:1,Hero
DA:1,1
DA:2,1
DA:5,1
DA:6,0
DA:7,0
DA:11,1
DA:12,0
DA:13,0
DA:23,1
DA:24,1
DA:25,1
DA:26,1
DA:27,1
DA:28,1
DA:29,1
DA:30,1
LF:16
LH:12
BRDA:5,0,0,1
BRDA:5,0,1,0
BRDA:11,1,0,1
BRDA:11,1,1,0
BRDA:25,2,0,1
BRDA:25,2,1,0
BRDA:26,3,0,1
BRDA:26,3,1,0
BRDA:26,3,2,0
BRDA:27,4,0,1
BRDA:27,4,1,1
BRDA:36,5,0,0
BRDA:36,5,1,1
BRDA:58,6,0,0
BRDA:75,7,0,0
BRDA:75,7,1,1
BRDA:78,8,0,0
BRDA:91,9,0,1
BRDA:91,9,1,0
BRDA:92,10,0,0
BRDA:92,10,1,1
BRDA:92,11,0,1
BRDA:92,11,1,1
BRDA:92,11,2,1
BRDA:95,12,0,0
BRDA:95,12,1,0
BRDA:112,13,0,0
BRDA:112,13,1,1
BRF:28
BRH:14
end_of_record
TN:
SF:src/components/MediaGrid.js
FN:1,MediaGrid
FN:6,(anonymous_2)
FNF:2
FNH:2
FNDA:2,MediaGrid
FNDA:1,(anonymous_2)
DA:1,2
DA:2,2
DA:7,1
DA:8,1
DA:9,1
DA:11,1
LF:6
LH:6
BRDA:1,0,0,0
BRDA:2,1,0,1
BRDA:2,1,1,1
BRDA:7,2,0,1
BRDA:7,2,1,1
BRDA:8,3,0,1
BRDA:8,3,1,1
BRDA:8,3,2,1
BRDA:8,3,3,1
BRDA:9,4,0,1
BRDA:9,4,1,0
BRDA:33,5,0,0
BRDA:33,5,1,1
BRF:13
BRH:10
end_of_record
TN:
SF:src/context/AuthContext.js
FN:6,AuthProvider
FN:10,(anonymous_4)
FN:28,(anonymous_5)
FN:32,(anonymous_6)
FN:40,(anonymous_7)
FN:45,(anonymous_8)
FN:51,(anonymous_9)
FN:58,useAuth
FNF:8
FNH:5
FNDA:4,AuthProvider
FNDA:2,(anonymous_4)
FNDA:2,(anonymous_5)
FNDA:0,(anonymous_6)
FNDA:0,(anonymous_7)
FNDA:0,(anonymous_8)
FNDA:4,(anonymous_9)
FNDA:4,useAuth
DA:1,1
DA:2,1
DA:4,1
DA:6,2
DA:7,4
DA:8,4
DA:10,4
DA:11,2
DA:12,2
DA:13,1
DA:14,1
DA:17,1
DA:18,1
DA:19,1
DA:21,0
DA:22,0
DA:24,1
DA:28,4
DA:29,2
DA:32,4
DA:33,0
DA:34,0
DA:35,0
DA:36,0
DA:37,0
DA:40,4
DA:41,0
DA:42,0
DA:45,4
DA:46,0
DA:47,0
DA:50,4
DA:51,4
DA:58,4
DA:59,4
DA:60,4
DA:61,4
LF:37
LH:26
BRDA:12,0,0,1
BRDA:12,0,1,1
BRDA:60,1,0,0
BRDA:60,1,1,4
BRF:4
BRH:3
end_of_record
TN:
SF:src/context/SiteSettingsContext.js
FN:8,SiteSettingsProvider
FN:13,(anonymous_4)
FN:17,(anonymous_5)
FN:20,(anonymous_6)
FN:21,(anonymous_7)
FN:24,(anonymous_8)
FN:34,useSiteSettings
FNF:7
FNH:6
FNDA:2,SiteSettingsProvider
FNDA:1,(anonymous_4)
FNDA:1,(anonymous_5)
FNDA:0,(anonymous_6)
FNDA:1,(anonymous_7)
FNDA:2,(anonymous_8)
FNDA:2,useSiteSettings
DA:1,1
DA:2,1
DA:4,1
DA:6,1
DA:8,1
DA:9,2
DA:10,2
DA:11,2
DA:13,2
DA:14,1
DA:15,1
DA:16,1
DA:18,1
DA:20,0
DA:21,1
DA:24,2
DA:34,2
DA:35,2
LF:18
LH:17
BRDA:11,0,0,2
BRDA:11,0,1,0
BRDA:14,1,0,0
BRDA:14,1,1,1
BRDA:18,2,0,1
BRDA:18,2,1,0
BRDA:26,3,0,2
BRDA:26,3,1,1
BRDA:27,4,0,2
BRDA:27,4,1,2
BRDA:28,5,0,2
BRDA:28,5,1,1
BRF:12
BRH:9
end_of_record
TN:
SF:src/lib/api.js
FN:11,getToken
FN:16,(anonymous_8)
FN:25,storeToken
FN:31,clearToken
FN:37,getStoredToken
FNF:5
FNH:4
FNDA:2,getToken
FNDA:0,(anonymous_8)
FNDA:2,storeToken
FNDA:1,clearToken
FNDA:2,getStoredToken
DA:1,1
DA:3,1
DA:5,1
DA:12,2
DA:13,2
DA:16,1
DA:17,0
DA:18,0
DA:19,0
DA:20,0
DA:22,0
DA:25,2
DA:26,2
DA:27,2
DA:31,1
DA:32,1
DA:33,1
DA:37,2
DA:38,2
LF:19
LH:14
BRDA:3,0,0,1
BRDA:3,0,1,1
BRDA:12,1,0,0
BRDA:12,1,1,2
BRDA:18,2,0,0
BRDA:18,2,1,0
BRDA:19,3,0,0
BRDA:19,3,1,0
BRDA:26,4,0,2
BRDA:26,4,1,0
BRDA:32,5,0,1
BRDA:32,5,1,0
BRF:12
BRH:5
end_of_record
TN:
SF:src/lib/contentApi.js
FN:3,fetchHomeContent
FN:4,(anonymous_9)
FN:7,fetchMediaList
FN:8,(anonymous_11)
FN:11,fetchReleases
FN:12,(anonymous_13)
FN:15,fetchPressItems
FN:16,(anonymous_15)
FN:19,fetchEvents
FN:20,(anonymous_17)
FN:23,fetchSiteLinks
FN:24,(anonymous_19)
FN:27,fetchSiteSettings
FN:28,(anonymous_21)
FNF:14
FNH:14
FNDA:1,fetchHomeContent
FNDA:1,(anonymous_9)
FNDA:1,fetchMediaList
FNDA:1,(anonymous_11)
FNDA:1,fetchReleases
FNDA:1,(anonymous_13)
FNDA:1,fetchPressItems
FNDA:1,(anonymous_15)
FNDA:1,fetchEvents
FNDA:1,(anonymous_17)
FNDA:1,fetchSiteLinks
FNDA:1,(anonymous_19)
FNDA:1,fetchSiteSettings
FNDA:1,(anonymous_21)
DA:1,1
DA:3,1
DA:4,1
DA:7,1
DA:8,1
DA:11,1
DA:12,1
DA:15,1
DA:16,1
DA:19,1
DA:20,1
DA:23,1
DA:24,1
DA:27,1
DA:28,1
LF:15
LH:15
BRDA:7,0,0,1
BRDA:8,1,0,1
BRDA:8,1,1,1
BRDA:12,2,0,1
BRDA:12,2,1,1
BRDA:16,3,0,1
BRDA:16,3,1,1
BRDA:20,4,0,1
BRDA:20,4,1,1
BRDA:24,5,0,1
BRDA:24,5,1,1
BRDA:28,6,0,1
BRDA:28,6,1,0
BRF:13
BRH:12
end_of_record
TN:
SF:src/lib/pageTitle.js
FN:1,buildPageTitle
FNF:1
FNH:1
FNDA:12,buildPageTitle
DA:1,12
DA:2,12
DA:3,11
DA:4,10
LF:4
LH:4
BRDA:2,0,0,1
BRDA:2,0,1,11
BRDA:2,1,0,1
BRDA:2,1,1,0
BRDA:3,2,0,1
BRDA:3,2,1,10
BRF:6
BRH:5
end_of_record
TN:
SF:src/pages/index.js
FN:13,formatDate
FN:24,Home
FN:34,(anonymous_6)
FN:40,(anonymous_7)
FN:45,(anonymous_8)
FN:48,(anonymous_9)
FN:52,(anonymous_10)
FN:57,(anonymous_11)
FN:59,(anonymous_12)
FN:104,(anonymous_13)
FN:129,(anonymous_14)
FN:161,getStaticProps
FNF:12
FNH:6
FNDA:0,formatDate
FNDA:1,Home
FNDA:1,(anonymous_6)
FNDA:1,(anonymous_7)
FNDA:0,(anonymous_8)
FNDA:1,(anonymous_9)
FNDA:1,(anonymous_10)
FNDA:1,(anonymous_11)
FNDA:0,(anonymous_12)
FNDA:0,(anonymous_13)
FNDA:0,(anonymous_14)
FNDA:0,getStaticProps
DA:1,1
DA:2,1
DA:3,1
DA:4,1
DA:5,1
DA:6,1
DA:8,1
DA:9,1
DA:10,1
DA:11,1
DA:14,0
DA:15,0
DA:24,1
DA:25,1
DA:26,1
DA:27,1
DA:28,1
DA:29,1
DA:30,1
DA:32,1
DA:34,1
DA:35,1
DA:36,1
DA:37,1
DA:39,1
DA:41,1
DA:42,1
DA:43,1
DA:46,0
DA:49,1
DA:52,1
DA:55,1
DA:56,1
DA:57,1
DA:58,1
DA:59,1
DA:60,1
DA:63,1
DA:105,0
DA:130,0
DA:161,0
DA:162,0
LF:42
LH:35
BRDA:14,0,0,0
BRDA:14,0,1,0
BRDA:32,1,0,1
BRDA:32,1,1,0
BRDA:35,2,0,0
BRDA:35,2,1,1
BRDA:41,3,0,0
BRDA:41,3,1,1
BRDA:49,4,0,1
BRDA:49,4,1,0
BRDA:55,5,0,1
BRDA:55,5,1,1
BRDA:56,6,0,1
BRDA:56,6,1,1
BRDA:58,7,0,0
BRDA:58,7,1,1
BRDA:58,8,0,1
BRDA:58,8,1,1
BRDA:59,9,0,1
BRDA:59,9,1,1
BRDA:60,10,0,1
BRDA:60,10,1,1
BRDA:60,10,2,1
BRDA:63,11,0,1
BRDA:63,11,1,0
BRDA:77,12,0,1
BRDA:77,12,1,1
BRDA:77,12,2,1
BRDA:78,13,0,0
BRDA:78,13,1,1
BRDA:79,14,0,0
BRDA:79,14,1,1
BRDA:80,15,0,0
BRDA:80,15,1,1
BRDA:89,16,0,1
BRDA:89,16,1,1
BRDA:90,17,0,0
BRDA:90,17,1,1
BRDA:106,18,0,0
BRDA:106,18,1,0
BRDA:106,19,0,0
BRDA:106,19,1,0
BRDA:106,19,2,0
BRDA:109,20,0,0
BRDA:109,20,1,0
BRDA:109,20,2,0
BRDA:109,20,3,0
BRDA:113,21,0,0
BRDA:113,21,1,1
BRDA:113,22,0,1
BRDA:113,22,1,1
BRDA:129,23,0,1
BRDA:129,23,1,1
BRDA:131,24,0,0
BRDA:131,24,1,0
BRDA:133,25,0,0
BRDA:133,25,1,0
BRDA:136,26,0,0
BRDA:136,26,1,1
BRDA:136,27,0,1
BRDA:136,27,1,1
BRDA:164,28,0,0
BRDA:164,28,1,0
BRF:63
BRH:34
end_of_record
TN:
SF:src/pages/media.js
FN:12,Media
FN:20,(anonymous_5)
FN:23,(anonymous_6)
FN:24,(anonymous_7)
FN:27,(anonymous_8)
FN:29,(anonymous_9)
FN:43,(anonymous_10)
FN:47,(anonymous_11)
FN:68,getStaticProps
FNF:9
FNH:5
FNDA:2,Media
FNDA:1,(anonymous_5)
FNDA:1,(anonymous_6)
FNDA:0,(anonymous_7)
FNDA:2,(anonymous_8)
FNDA:0,(anonymous_9)
FNDA:8,(anonymous_10)
FNDA:0,(anonymous_11)
FNDA:0,getStaticProps
DA:1,1
DA:2,1
DA:3,1
DA:4,1
DA:5,1
DA:7,1
DA:8,1
DA:9,1
DA:10,1
DA:12,1
DA:13,2
DA:14,2
DA:15,2
DA:16,2
DA:17,2
DA:18,2
DA:20,2
DA:21,1
DA:22,1
DA:23,1
DA:24,0
DA:27,2
DA:28,2
DA:29,0
DA:44,8
DA:47,0
DA:68,0
DA:69,0
LF:28
LH:23
BRDA:18,0,0,2
BRDA:18,0,1,0
BRDA:21,1,0,0
BRDA:21,1,1,1
BRDA:28,2,0,2
BRDA:28,2,1,0
BRDA:49,3,0,2
BRDA:49,3,1,6
BRDA:54,4,0,2
BRDA:54,4,1,6
BRDA:54,5,0,2
BRDA:54,5,1,4
BRDA:54,6,0,2
BRDA:54,6,1,2
BRDA:61,7,0,1
BRDA:61,7,1,1
BRDA:71,8,0,0
BRDA:71,8,1,0
BRF:18
BRH:13
end_of_record
TN:
SF:src/pages/music.js
FN:11,formatDate
FN:16,Music
FN:23,(anonymous_6)
FN:26,(anonymous_7)
FN:27,(anonymous_8)
FN:50,(anonymous_9)
FN:77,getStaticProps
FNF:7
FNH:4
FNDA:0,formatDate
FNDA:2,Music
FNDA:1,(anonymous_6)
FNDA:1,(anonymous_7)
FNDA:0,(anonymous_8)
FNDA:1,(anonymous_9)
FNDA:0,getStaticProps
DA:1,1
DA:2,1
DA:3,1
DA:4,1
DA:5,1
DA:7,1
DA:8,1
DA:9,1
DA:12,0
DA:13,0
DA:16,1
DA:17,2
DA:18,2
DA:19,2
DA:20,2
DA:21,2
DA:23,2
DA:24,1
DA:25,1
DA:26,1
DA:27,0
DA:30,2
DA:51,1
DA:77,0
DA:78,0
LF:25
LH:20
BRDA:12,0,0,0
BRDA:12,0,1,0
BRDA:21,1,0,2
BRDA:21,1,1,0
BRDA:24,2,0,0
BRDA:24,2,1,1
BRDA:30,3,0,2
BRDA:30,3,1,1
BRDA:44,4,0,2
BRDA:44,4,1,2
BRDA:44,5,0,0
BRDA:44,5,1,2
BRDA:44,6,0,0
BRDA:44,6,1,2
BRDA:53,7,0,0
BRDA:53,7,1,1
BRDA:53,8,0,0
BRDA:53,8,1,0
BRDA:57,9,0,1
BRDA:57,9,1,0
BRDA:58,10,0,0
BRDA:58,10,1,1
BRDA:59,11,0,0
BRDA:59,11,1,1
BRDA:59,12,0,0
BRDA:59,12,1,0
BRDA:61,13,0,0
BRDA:61,13,1,1
BRDA:70,14,0,1
BRDA:70,14,1,1
BRDA:80,15,0,0
BRDA:80,15,1,0
BRF:32
BRH:15
end_of_record
TN:
SF:src/pages/press.js
FN:11,Press
FN:18,(anonymous_5)
FN:21,(anonymous_6)
FN:22,(anonymous_7)
FN:36,(anonymous_8)
FN:51,getStaticProps
FNF:6
FNH:4
FNDA:2,Press
FNDA:1,(anonymous_5)
FNDA:1,(anonymous_6)
FNDA:0,(anonymous_7)
FNDA:1,(anonymous_8)
FNDA:0,getStaticProps
DA:1,1
DA:2,1
DA:3,1
DA:4,1
DA:5,1
DA:7,1
DA:8,1
DA:9,1
DA:11,1
DA:12,2
DA:13,2
DA:14,2
DA:15,2
DA:16,2
DA:18,2
DA:19,1
DA:20,1
DA:21,1
DA:22,0
DA:37,1
DA:51,0
DA:52,0
LF:22
LH:19
BRDA:16,0,0,2
BRDA:16,0,1,0
BRDA:19,1,0,0
BRDA:19,1,1,1
BRDA:39,2,0,1
BRDA:39,2,1,0
BRDA:40,3,0,0
BRDA:40,3,1,1
BRDA:44,4,0,1
BRDA:44,4,1,1
BRDA:54,5,0,0
BRDA:54,5,1,0
BRF:12
BRH:6
end_of_record
TN:
SF:src/pages/shows.js
FN:12,Shows
FN:19,(anonymous_5)
FN:22,(anonymous_6)
FN:23,(anonymous_7)
FN:26,(anonymous_8)
FN:51,(anonymous_9)
FN:61,(anonymous_10)
FN:72,getStaticProps
FNF:8
FNH:5
FNDA:2,Shows
FNDA:1,(anonymous_5)
FNDA:1,(anonymous_6)
FNDA:0,(anonymous_7)
FNDA:2,(anonymous_8)
FNDA:1,(anonymous_9)
FNDA:0,(anonymous_10)
FNDA:0,getStaticProps
DA:1,1
DA:2,1
DA:3,1
DA:4,1
DA:5,1
DA:7,1
DA:8,1
DA:9,1
DA:10,1
DA:12,1
DA:13,2
DA:14,2
DA:15,2
DA:16,2
DA:17,2
DA:19,2
DA:20,1
DA:21,1
DA:22,1
DA:23,0
DA:26,2
DA:27,2
DA:28,2
DA:29,2
DA:30,2
DA:31,1
DA:32,0
DA:34,2
DA:52,1
DA:62,0
DA:72,0
DA:73,0
LF:32
LH:27
BRDA:17,0,0,2
BRDA:17,0,1,0
BRDA:20,1,0,0
BRDA:20,1,1,1
BRDA:31,2,0,1
BRDA:31,2,1,0
BRDA:31,3,0,1
BRDA:31,3,1,1
BRDA:52,4,0,1
BRDA:52,4,1,0
BRDA:54,5,0,1
BRDA:54,5,1,1
BRDA:62,6,0,0
BRDA:62,6,1,0
BRDA:75,7,0,0
BRDA:75,7,1,0
BRF:16
BRH:8
end_of_record
